GROUP,PACKAGE,CLASS,INSTRUCTION_MISSED,INSTRUCTION_COVERED,BRANCH_MISSED,BRANCH_COVERED,LINE_MISSED,LINE_COVERED,COMPLEXITY_MISSED,COMPLEXITY_COVERED,METHOD_MISSED,METHOD_COVERED
GitHub API for Java,org.kohsuke.github.connector,GitHubConnector.new GitHubConnector() {...},0,8,0,0,0,2,0,2,0,2
GitHub API for Java,org.kohsuke.github.connector,GitHubConnector,0,7,0,0,0,2,0,1,0,1
GitHub API for Java,org.kohsuke.github.connector,GitHubConnectorResponse,6,109,2,8,1,27,2,11,0,8
GitHub API for Java,org.kohsuke.github.connector,GitHubConnectorResponse.ByteArrayResponse,10,60,3,5,2,19,3,4,0,3
GitHub API for Java,org.kohsuke.github.extras.okhttp3,OkHttpGitHubConnector.OkHttpGitHubConnectorResponse,2,27,1,1,1,9,1,3,0,3
GitHub API for Java,org.kohsuke.github.extras.okhttp3,OkHttpGitHubConnector,0,134,2,14,0,26,2,10,0,4
GitHub API for Java,org.kohsuke.github.internal,DefaultGitHubConnector,0,40,0,6,0,9,0,5,0,2
GitHub API for Java,org.kohsuke.github.internal,EnumUtils,0,34,0,4,0,11,0,5,0,3
GitHub API for Java,org.kohsuke.github,GHOrganization,174,492,7,7,33,93,15,37,11,34
GitHub API for Java,org.kohsuke.github,GHHooks,3,11,0,0,1,2,1,2,1,2
GitHub API for Java,org.kohsuke.github,GHCommit,16,356,5,11,4,71,7,32,2,29
GitHub API for Java,org.kohsuke.github,GHLabelChanges.GHFrom,0,6,0,0,0,3,0,2,0,2
GitHub API for Java,org.kohsuke.github,GHRepositoryTraffic,0,18,0,0,0,8,0,4,0,4
GitHub API for Java,org.kohsuke.github,GHUser,108,168,4,6,16,32,13,18,9,17
GitHub API for Java,org.kohsuke.github,GHThread.Subject,0,3,0,0,0,1,0,1,0,1
GitHub API for Java,org.kohsuke.github,GHCheckRun.Conclusion,0,68,0,0,0,12,0,3,0,3
GitHub API for Java,org.kohsuke.github,GHPermission,6,10,0,0,2,2,2,2,2,2
GitHub API for Java,org.kohsuke.github,GHBranchProtection,6,81,0,0,2,18,2,15,2,15
GitHub API for Java,org.kohsuke.github,GitHub.DependentAuthorizationProvider,5,28,2,2,1,9,2,3,0,3
GitHub API for Java,org.kohsuke.github,RateLimitChecker.new RateLimitChecker() {...},0,3,0,0,0,1,0,1,0,1
GitHub API for Java,org.kohsuke.github,GHException,0,9,0,0,0,4,0,2,0,2
GitHub API for Java,org.kohsuke.github,GHTree,5,64,1,5,2,12,2,8,1,6
GitHub API for Java,org.kohsuke.github,GHEventPayload.CommentChanges,0,6,0,0,0,3,0,2,0,2
GitHub API for Java,org.kohsuke.github,GHPullRequestReviewState,6,52,3,4,2,12,3,5,0,3
GitHub API for Java,org.kohsuke.github,GHRepositoryRule.Parameters.5.new TypeReference() {...},0,6,0,0,0,1,0,1,0,1
GitHub API for Java,org.kohsuke.github,GHMyself,121,114,6,0,23,24,8,13,5,13
GitHub API for Java,org.kohsuke.github,GHArtifact,18,78,1,1,2,16,1,11,0,11
GitHub API for Java,org.kohsuke.github,GHThread,121,42,9,1,18,9,10,8,5,8
GitHub API for Java,org.kohsuke.github,GHBlob,19,28,1,1,5,8,3,5,2,5
GitHub API for Java,org.kohsuke.github,GHDeploymentBuilder,40,71,0,0,10,16,5,7,5,7
GitHub API for Java,org.kohsuke.github,GHRepositoryStatistics.PunchCardItem,0,43,0,0,0,9,0,5,0,5
GitHub API for Java,org.kohsuke.github,GHMarketplaceListAccountBuilder,0,47,0,0,0,10,0,4,0,4
GitHub API for Java,org.kohsuke.github,GitHubRequest,23,303,2,26,6,60,4,30,2,18
GitHub API for Java,org.kohsuke.github,GitHubRateLimitChecker,37,116,9,13,7,32,7,10,0,6
GitHub API for Java,org.kohsuke.github,GHEventPayload.Discussion,0,9,0,0,0,4,0,3,0,3
GitHub API for Java,org.kohsuke.github,GHPullRequest,45,396,0,8,11,99,8,42,8,38
GitHub API for Java,org.kohsuke.github,ReactionContent,2,93,1,3,1,16,1,5,0,4
GitHub API for Java,org.kohsuke.github,GHRepositoryRule.CodeScanningTool,0,12,0,0,0,5,0,4,0,4
GitHub API for Java,org.kohsuke.github,GHRef,0,168,1,11,0,36,1,15,0,10
GitHub API for Java,org.kohsuke.github,GHEventPayload.CheckRun,14,26,2,2,3,10,3,4,1,4
GitHub API for Java,org.kohsuke.github,GHTreeBuilder,10,140,1,3,2,24,1,10,0,9
GitHub API for Java,org.kohsuke.github,GHCheckRun.Output,0,19,0,0,0,7,0,6,0,6
GitHub API for Java,org.kohsuke.github,GHEventPayload.WorkflowRun,10,33,3,3,2,11,3,4,0,4
GitHub API for Java,org.kohsuke.github,GHEmail,28,6,2,0,8,3,6,2,5,2
GitHub API for Java,org.kohsuke.github,GHInvitation,37,0,0,0,7,0,4,0,4,0
GitHub API for Java,org.kohsuke.github,GHRepositoryRule.Parameters.4.new TypeReference() {...},0,6,0,0,0,1,0,1,0,1
GitHub API for Java,org.kohsuke.github,PagedSearchIterable.new Iterator() {...},0,32,0,2,0,6,0,4,0,3
GitHub API for Java,org.kohsuke.github,GHAsset,30,83,2,0,6,20,3,14,2,14
GitHub API for Java,org.kohsuke.github,GHContentWithLicense,0,9,0,0,0,3,0,2,0,2
GitHub API for Java,org.kohsuke.github,GHWorkflowRunsPage,3,27,0,2,1,4,1,3,1,2
GitHub API for Java,org.kohsuke.github,GHIssueEvent,44,39,0,0,10,14,6,12,6,12
GitHub API for Java,org.kohsuke.github,GHRepositorySearchBuilder,35,70,0,2,7,18,7,12,7,11
GitHub API for Java,org.kohsuke.github,GHRepository.Updater,0,26,0,0,0,4,0,1,0,1
GitHub API for Java,org.kohsuke.github,GHPullRequestReviewBuilder.MultilineDraftReviewComment,0,27,0,0,0,10,0,5,0,5
GitHub API for Java,org.kohsuke.github,GHCommitStatus,7,42,1,3,1,9,1,7,0,6
GitHub API for Java,org.kohsuke.github,GHPullRequestSearchBuilder.PullRequestSearchResult,0,3,0,0,0,1,0,1,0,1
GitHub API for Java,org.kohsuke.github,GitCommit,2,127,2,2,1,36,2,21,0,21
GitHub API for Java,org.kohsuke.github,GHRepositoryRule,2,44,1,3,1,11,1,7,0,6
GitHub API for Java,org.kohsuke.github,GHCompare.new PagedIterable() {...},0,16,0,0,0,2,0,2,0,2
GitHub API for Java,org.kohsuke.github,GHEventPayload.DeploymentStatus,0,27,1,1,0,10,1,4,0,4
GitHub API for Java,org.kohsuke.github,GHBranchProtectionBuilder,241,260,22,4,43,63,23,35,12,33
GitHub API for Java,org.kohsuke.github,GHRepositoryChanges.FromOwner,0,9,0,0,0,4,0,3,0,3
GitHub API for Java,org.kohsuke.github,GHAuthorization,0,35,0,0,0,11,0,10,0,10
GitHub API for Java,org.kohsuke.github,GHMarketplacePendingChange,0,16,0,0,0,6,0,5,0,5
GitHub API for Java,org.kohsuke.github,GHEventPayload.CommentChanges.GHFrom,0,6,0,0,0,3,0,2,0,2
GitHub API for Java,org.kohsuke.github,GHEventPayload.Ping,0,3,0,0,0,2,0,1,0,1
GitHub API for Java,org.kohsuke.github,GHMarketplacePriceModel,3,32,0,0,1,7,1,2,1,2
GitHub API for Java,org.kohsuke.github,GHPerson,25,146,1,7,10,46,6,22,5,19
GitHub API for Java,org.kohsuke.github,GitHubClient.GHApiInfo,0,16,0,2,0,4,0,2,0,1
GitHub API for Java,org.kohsuke.github,GHCheckRunsIterable.new Iterator() {...},0,32,0,2,0,6,0,4,0,3
GitHub API for Java,org.kohsuke.github,GHRepositoryRule.StatusCheckConfiguration,0,9,0,0,0,4,0,3,0,3
GitHub API for Java,org.kohsuke.github,GHIssueChanges.GHFrom,0,6,0,0,0,3,0,2,0,2
GitHub API for Java,org.kohsuke.github,GHProjectCard,81,104,6,2,21,21,10,12,6,12
GitHub API for Java,org.kohsuke.github,GHExternalGroup,0,66,0,0,0,17,0,11,0,11
GitHub API for Java,org.kohsuke.github,GHRepositoryRule.IntegerParameter.new TypeReference() {...},0,6,0,0,0,1,0,1,0,1
GitHub API for Java,org.kohsuke.github,GHRepositoryRule.Parameters.3.new TypeReference() {...},0,6,0,0,0,1,0,1,0,1
GitHub API for Java,org.kohsuke.github,GHExternalGroup.GHLinkedExternalMember,0,15,0,0,0,6,0,5,0,5
GitHub API for Java,org.kohsuke.github,GHEventPayload.CheckSuite,11,23,2,2,2,9,2,3,0,3
GitHub API for Java,org.kohsuke.github,GHCommit.new AbstractList() {...},0,19,0,0,0,3,0,3,0,3
GitHub API for Java,org.kohsuke.github,GHEventPayload.DiscussionComment,0,9,0,0,0,4,0,3,0,3
GitHub API for Java,org.kohsuke.github,GHDeploymentStatus,4,29,0,0,1,9,1,7,1,7
GitHub API for Java,org.kohsuke.github,GHNotificationStream.new Iterator() {...},35,166,8,14,10,39,7,9,0,5
GitHub API for Java,org.kohsuke.github,GHIOException,4,17,0,0,1,8,1,4,1,4
GitHub API for Java,org.kohsuke.github,GHCheckRunsIterable,0,31,0,0,0,7,0,3,0,3
GitHub API for Java,org.kohsuke.github,GHTreeBuilder.TreeEntry,0,12,0,0,0,5,0,1,0,1
GitHub API for Java,org.kohsuke.github,GHPullRequestQueryBuilder.Sort,0,27,0,0,0,5,0,1,0,1
GitHub API for Java,org.kohsuke.github,GHTagObject,0,32,0,0,0,12,0,10,0,10
GitHub API for Java,org.kohsuke.github,GHWorkflowsIterable,0,41,0,0,0,10,0,3,0,3
GitHub API for Java,org.kohsuke.github,GHRepository.Contributor,7,6,0,0,2,3,2,2,2,2
GitHub API for Java,org.kohsuke.github,GHCommit.File,0,35,0,0,0,12,0,11,0,11
GitHub API for Java,org.kohsuke.github,GHMarketplaceAccountPlan,0,9,0,0,0,4,0,3,0,3
GitHub API for Java,org.kohsuke.github,GHPullRequestCommitDetail.Commit,19,3,0,0,6,2,6,1,6,1
GitHub API for Java,org.kohsuke.github,GHMarketplacePlanForAccountBuilder,0,31,0,0,0,6,0,2,0,2
GitHub API for Java,org.kohsuke.github,GHRepositoryRule.Parameters.2.new TypeReference() {...},0,6,0,0,0,1,0,1,0,1
GitHub API for Java,org.kohsuke.github,GHMarketplaceAccountType,6,15,0,0,1,3,1,1,1,1
GitHub API for Java,org.kohsuke.github,GHRepositoryRule.WorkflowFileReference,0,15,0,0,0,6,0,5,0,5
GitHub API for Java,org.kohsuke.github,GHPullRequestChanges.GHCommitPointer,0,9,0,0,0,4,0,3,0,3
GitHub API for Java,org.kohsuke.github,GHVerification,0,15,0,0,0,6,0,5,0,5
GitHub API for Java,org.kohsuke.github,GHPullRequestSearchBuilder,13,347,8,8,0,81,8,37,0,37
GitHub API for Java,org.kohsuke.github,GHUserSearchBuilder.Sort,0,21,0,0,0,4,0,1,0,1
GitHub API for Java,org.kohsuke.github,GitHubPageContentsIterable,0,49,0,0,0,12,0,3,0,3
GitHub API for Java,org.kohsuke.github,GHPullRequestReviewCommentBuilder,0,90,0,0,0,22,0,8,0,8
GitHub API for Java,org.kohsuke.github,GHRepositoryBuilder,10,104,0,0,2,19,2,18,2,18
GitHub API for Java,org.kohsuke.github,GHIssue.PullRequest,12,3,0,0,3,2,3,1,3,1
GitHub API for Java,org.kohsuke.github,GHPullRequestReviewBuilder.DraftReviewComment,0,21,0,0,0,8,0,4,0,4
GitHub API for Java,org.kohsuke.github,GHRateLimit,18,259,7,29,4,55,7,28,0,17
GitHub API for Java,org.kohsuke.github,GHPullRequestReviewComment,17,269,3,5,2,64,4,34,2,32
GitHub API for Java,org.kohsuke.github,GHContentSearchBuilder.ContentSearchResult,0,3,0,0,0,1,0,1,0,1
GitHub API for Java,org.kohsuke.github,GHQueryBuilder,0,8,0,0,0,3,0,1,0,1
GitHub API for Java,org.kohsuke.github,GHMilestone,47,78,1,1,11,21,8,14,7,14
GitHub API for Java,org.kohsuke.github,JsonRateLimit,0,9,0,0,0,4,0,1,0,1
GitHub API for Java,org.kohsuke.github,GHRepositoryVariable.Setter,0,23,0,0,0,3,0,1,0,1
GitHub API for Java,org.kohsuke.github,GHRepositoryDiscussion.State,0,21,0,0,0,4,0,1,0,1
GitHub API for Java,org.kohsuke.github,GHCreateRepositoryBuilder,15,77,1,3,4,16,3,8,2,7
GitHub API for Java,org.kohsuke.github,GHBranchProtection.RequiredStatusChecks,3,14,0,0,1,5,1,4,1,4
GitHub API for Java,org.kohsuke.github,GHGist,8,216,3,9,3,39,4,27,1,24
GitHub API for Java,org.kohsuke.github,GHDirection,0,15,0,0,0,3,0,1,0,1
GitHub API for Java,org.kohsuke.github,GHRepositoryStatistics.ContributorStats,4,44,1,3,1,11,1,7,0,6
GitHub API for Java,org.kohsuke.github,GHPullRequestCommitDetail.Tree,7,3,0,0,2,2,2,1,2,1
GitHub API for Java,org.kohsuke.github,GHIssueState,0,21,0,0,0,4,0,1,0,1
GitHub API for Java,org.kohsuke.github,GHReleaseBuilder.MakeLatest,0,26,0,0,0,5,0,2,0,2
GitHub API for Java,org.kohsuke.github,GHAppInstallationsIterable,0,36,0,0,0,7,0,3,0,3
GitHub API for Java,org.kohsuke.github,GHVerification.Reason,0,111,0,0,0,19,0,1,0,1
GitHub API for Java,org.kohsuke.github,GHRepositoryStatistics.CodeFrequency,0,44,0,0,0,10,0,5,0,5
GitHub API for Java,org.kohsuke.github,GHCheckRunsPage,3,27,0,2,1,4,1,3,1,2
GitHub API for Java,org.kohsuke.github,GHTeamChanges.FromRepositoryPermissions,5,31,6,6,0,5,6,4,0,4
GitHub API for Java,org.kohsuke.github,GHRepositoryPublicKey,0,14,0,0,0,6,0,4,0,4
GitHub API for Java,org.kohsuke.github,GHBranchProtectionBuilder.Restrictions,13,0,0,0,3,0,1,0,1,0
GitHub API for Java,org.kohsuke.github,GHProject.ProjectState,0,15,0,0,0,3,0,1,0,1
GitHub API for Java,org.kohsuke.github,GHRepositoryRule.Parameters.1.new TypeReference() {...},0,6,0,0,0,1,0,1,0,1
GitHub API for Java,org.kohsuke.github,GHBranchProtection.BlockCreations,0,6,0,0,0,3,0,2,0,2
GitHub API for Java,org.kohsuke.github,GHWorkflowRunQueryBuilder,25,74,0,0,6,16,3,8,3,8
GitHub API for Java,org.kohsuke.github,GHRepositoryRule.Parameters,0,76,0,0,0,15,0,1,0,1
GitHub API for Java,org.kohsuke.github,GHCompare.Commit,0,6,0,0,0,3,0,2,0,2
GitHub API for Java,org.kohsuke.github,GHEventPayload.CommitComment,0,19,1,1,0,8,1,3,0,3
GitHub API for Java,org.kohsuke.github,GitHubConnectorResponseErrorHandler.new GitHubConnectorResponseErrorHandler() {...},2,85,4,14,1,19,4,9,0,4
GitHub API for Java,org.kohsuke.github,GHRepositoryStatistics.Participation,0,11,0,0,0,4,0,3,0,3
GitHub API for Java,org.kohsuke.github,GHEventPayload.Fork,0,6,0,0,0,3,0,2,0,2
GitHub API for Java,org.kohsuke.github,GitHubRateLimitHandler.new GitHubRateLimitHandler() {...},10,24,1,1,3,7,1,3,0,3
GitHub API for Java,org.kohsuke.github,GitHubRateLimitHandler.new GitHubRateLimitHandler() {...},0,20,0,0,0,6,0,2,0,2
GitHub API for Java,org.kohsuke.github,GHMemberChanges.FromToPermission,0,9,0,0,0,4,0,3,0,3
GitHub API for Java,org.kohsuke.github,GHRateLimit.UnknownLimitRecord,0,52,0,2,0,14,0,5,0,4
GitHub API for Java,org.kohsuke.github,GHEventPayload.Repository,0,6,0,0,0,3,0,2,0,2
GitHub API for Java,org.kohsuke.github,GHGistBuilder,0,59,0,0,0,12,0,5,0,5
GitHub API for Java,org.kohsuke.github,GHProjectsV2Item,8,26,0,0,1,7,1,6,1,6
GitHub API for Java,org.kohsuke.github,GHCommitFileIterable.new Iterator() {...},0,21,0,0,0,4,0,3,0,3
GitHub API for Java,org.kohsuke.github,GHCommitSearchBuilder,78,57,1,1,16,14,15,8,14,8
GitHub API for Java,org.kohsuke.github,GHEventPayload.Public,0,3,0,0,0,2,0,1,0,1
GitHub API for Java,org.kohsuke.github,GHTeam,54,506,8,14,10,91,11,40,3,37
GitHub API for Java,org.kohsuke.github,GHRepositoryRule.Operator,0,27,0,0,0,5,0,1,0,1
GitHub API for Java,org.kohsuke.github,GHProjectsV2ItemChanges.FromToDate,0,11,0,0,0,4,0,3,0,3
GitHub API for Java,org.kohsuke.github,GHRepositoryVariable.Creator,0,19,0,0,0,3,0,1,0,1
GitHub API for Java,org.kohsuke.github,GHPullRequestReviewEvent,8,44,3,4,3,9,3,5,0,3
GitHub API for Java,org.kohsuke.github,GHWorkflowJobsPage,3,27,0,2,1,4,1,3,1,2
GitHub API for Java,org.kohsuke.github,GHLicense,7,116,2,8,3,38,3,18,1,15
GitHub API for Java,org.kohsuke.github,GHContentSearchBuilder,25,67,0,2,5,17,5,11,5,10
GitHub API for Java,org.kohsuke.github,GitHubConnectorResponseErrorHandler,0,8,0,0,0,2,0,2,0,2
GitHub API for Java,org.kohsuke.github,GHOrgHook,0,29,0,0,0,5,0,4,0,4
GitHub API for Java,org.kohsuke.github,GHTeamChanges,0,15,0,0,0,6,0,5,0,5
GitHub API for Java,org.kohsuke.github,GHLabel.Creator,0,19,0,0,0,3,0,1,0,1
GitHub API for Java,org.kohsuke.github,GHVerifiedKey,16,0,2,0,4,0,3,0,2,0
GitHub API for Java,org.kohsuke.github,GHEventPayload.PullRequest,5,31,1,3,1,12,1,7,0,6
GitHub API for Java,org.kohsuke.github,GHPullRequestReviewCommentReactions,0,61,0,0,0,21,0,11,0,11
GitHub API for Java,org.kohsuke.github,GHRepositoryStatistics.ContributorStats.Week,0,44,0,0,0,7,0,6,0,6
GitHub API for Java,org.kohsuke.github,GHEvent,0,403,0,2,0,69,0,3,0,2
GitHub API for Java,org.kohsuke.github,GHDiscussion.Setter,0,17,0,0,0,3,0,1,0,1
GitHub API for Java,org.kohsuke.github,GHExternalGroupPage,0,17,0,0,0,7,0,4,0,4
GitHub API for Java,org.kohsuke.github,GHLabelChanges,0,9,0,0,0,4,0,3,0,3
GitHub API for Java,org.kohsuke.github,GHWorkflowRun.HeadCommit,0,22,0,0,0,8,0,7,0,7
GitHub API for Java,org.kohsuke.github,GHAppInstallationsPage,3,6,0,0,1,2,1,2,1,2
GitHub API for Java,org.kohsuke.github,SearchResult,0,3,0,0,0,1,0,1,0,1
GitHub API for Java,org.kohsuke.github,RateLimitChecker.LiteralValue,2,19,1,3,1,7,1,3,0,2
GitHub API for Java,org.kohsuke.github,GHRepositoryRule.AlertsThreshold,0,27,0,0,0,5,0,1,0,1
GitHub API for Java,org.kohsuke.github,GHRepositoryVariableBuilder,0,33,0,2,0,7,0,4,0,3
GitHub API for Java,org.kohsuke.github,GHRepositoryRule.IntegerParameter,0,9,0,0,0,3,0,2,0,2
GitHub API for Java,org.kohsuke.github,GHCheckRun.Status,0,38,0,0,0,7,0,3,0,3
GitHub API for Java,org.kohsuke.github,GHObject.new ToStringStyle() {...},2,24,2,4,2,9,2,3,0,2
GitHub API for Java,org.kohsuke.github,GHRepositoryChanges.FromRepository,0,6,0,0,0,3,0,2,0,2
GitHub API for Java,org.kohsuke.github,GHEventPayload.Create,0,15,0,0,0,6,0,5,0,5
GitHub API for Java,org.kohsuke.github,GHEventPayload,0,19,0,0,0,8,0,7,0,7
GitHub API for Java,org.kohsuke.github,GHWorkflowRunsIterable,0,32,0,0,0,7,0,3,0,3
GitHub API for Java,org.kohsuke.github,GHError,0,10,0,0,0,4,0,3,0,3
GitHub API for Java,org.kohsuke.github,GHKey,0,58,0,0,0,10,0,8,0,8
GitHub API for Java,org.kohsuke.github,GHRepositoryRule.ListParameter,0,4,0,0,0,2,0,1,0,1
GitHub API for Java,org.kohsuke.github,GitUser,0,16,0,0,0,6,0,5,0,5
GitHub API for Java,org.kohsuke.github,GHEventPayload.InstallationRepositories,15,48,4,6,4,15,4,6,0,5
GitHub API for Java,org.kohsuke.github,GHWorkflowJob.Step,0,25,0,0,0,8,0,7,0,7
GitHub API for Java,org.kohsuke.github,GHCommit.Parent,0,3,0,0,0,2,0,1,0,1
GitHub API for Java,org.kohsuke.github,GHCommitBuilder,0,118,0,0,0,20,0,9,0,9
GitHub API for Java,org.kohsuke.github,GHBlobBuilder,14,61,0,0,3,10,1,4,1,4
GitHub API for Java,org.kohsuke.github,GHCommitQueryBuilder,0,96,0,0,0,19,0,11,0,11
GitHub API for Java,org.kohsuke.github,GHMilestoneState,0,15,0,0,0,3,0,1,0,1
GitHub API for Java,org.kohsuke.github,GHRepositoryChanges.Owner,0,6,0,0,0,3,0,2,0,2
GitHub API for Java,org.kohsuke.github,GHRepositoryViewTraffic.DailyInfo,0,11,0,0,0,4,0,2,0,2
GitHub API for Java,org.kohsuke.github,GHWorkflowRun.Conclusion,0,74,0,0,0,13,0,3,0,3
GitHub API for Java,org.kohsuke.github,GHIssueQueryBuilder,0,79,0,4,0,18,0,10,0,8
GitHub API for Java,org.kohsuke.github,GHPullRequestChanges.GHFrom,0,6,0,0,0,3,0,2,0,2
GitHub API for Java,org.kohsuke.github,GHProjectsV2Item.ContentType,0,27,0,0,0,5,0,1,0,1
GitHub API for Java,org.kohsuke.github,GHEventPayload.Issue,0,25,1,1,0,10,1,5,0,5
GitHub API for Java,org.kohsuke.github,GHPullRequestQueryBuilder,0,81,1,3,0,17,1,9,0,8
GitHub API for Java,org.kohsuke.github,GHMeta,0,47,0,0,0,13,0,11,0,11
GitHub API for Java,org.kohsuke.github,GHOTPRequiredException,0,3,0,0,0,2,0,1,0,1
GitHub API for Java,org.kohsuke.github,GHRepository.GHRepoPermission,0,3,0,0,0,1,0,1,0,1
GitHub API for Java,org.kohsuke.github,GHPullRequestCommitDetail.CommitPointer,11,3,0,0,3,2,3,1,3,1
GitHub API for Java,org.kohsuke.github,GHIssueSearchBuilder.Sort,0,21,0,0,0,4,0,1,0,1
GitHub API for Java,org.kohsuke.github,GHAppInstallationsIterable.new Iterator() {...},0,29,0,2,0,6,0,4,0,3
GitHub API for Java,org.kohsuke.github,GHCommitSearchBuilder.Sort,0,15,0,0,0,3,0,1,0,1
GitHub API for Java,org.kohsuke.github,GHCodeownersError,0,24,0,0,0,9,0,8,0,8
GitHub API for Java,org.kohsuke.github,GitHubAbuseLimitHandler.new GitHubAbuseLimitHandler() {...},8,8,0,0,2,4,0,2,0,2
GitHub API for Java,org.kohsuke.github,GitHubAbuseLimitHandler.new GitHubAbuseLimitHandler() {...},0,20,0,0,0,6,0,2,0,2
GitHub API for Java,org.kohsuke.github,GHRepositoryRule.RulesetSourceType,0,21,0,0,0,4,0,1,0,1
GitHub API for Java,org.kohsuke.github,GHWorkflowRun.Status,0,104,0,0,0,18,0,3,0,3
GitHub API for Java,org.kohsuke.github,GHApp,6,145,0,2,0,30,1,17,1,16
GitHub API for Java,org.kohsuke.github,GitCommit.new AbstractList() {...},0,19,0,0,0,3,0,3,0,3
GitHub API for Java,org.kohsuke.github,GHMembership.State,0,15,0,0,0,3,0,1,0,1
GitHub API for Java,org.kohsuke.github,PagedSearchIterable,11,50,0,2,3,14,2,6,2,5
GitHub API for Java,org.kohsuke.github,GHArtifactsIterable.new Iterator() {...},0,32,1,1,0,6,1,3,0,3
GitHub API for Java,org.kohsuke.github,GHCommitSearchBuilder.CommitSearchResult,1,33,0,2,1,6,0,2,0,1
GitHub API for Java,org.kohsuke.github,GHWorkflowRunsIterable.new Iterator() {...},0,32,1,1,0,6,1,3,0,3
GitHub API for Java,org.kohsuke.github,GHContentSearchBuilder.Sort,0,15,0,0,0,3,0,1,0,1
GitHub API for Java,org.kohsuke.github,GHObject.new ReflectionToStringBuilder() {...},0,24,1,3,0,2,1,3,0,2
GitHub API for Java,org.kohsuke.github,GHTargetType,6,15,0,0,1,3,1,1,1,1
GitHub API for Java,org.kohsuke.github,Requester,0,82,0,0,0,15,0,12,0,12
GitHub API for Java,org.kohsuke.github,GHExternalGroupIterable.new Iterator() {...},0,53,0,2,0,9,0,5,0,4
GitHub API for Java,org.kohsuke.github,GHContentBuilder,0,94,0,0,0,21,0,8,0,8
GitHub API for Java,org.kohsuke.github,GHEventPayload.Membership,10,25,2,2,2,10,2,4,0,4
GitHub API for Java,org.kohsuke.github,GHBranchProtection.EnforceAdmins,3,6,0,0,1,3,1,2,1,2
GitHub API for Java,org.kohsuke.github,GitHubSanityCachedValue,9,44,3,1,0,11,3,3,1,3
GitHub API for Java,org.kohsuke.github,GHMarketplaceUserPurchase,11,19,0,0,3,7,3,6,3,6
GitHub API for Java,org.kohsuke.github,EnterpriseManagedSupport,0,120,0,8,0,27,0,12,0,8
GitHub API for Java,org.kohsuke.github,GHRepositorySelection,5,15,0,0,1,3,1,1,1,1
GitHub API for Java,org.kohsuke.github,GHBranchSync,8,20,0,0,1,8,1,6,1,6
GitHub API for Java,org.kohsuke.github,GHSearchBuilder,0,86,0,4,0,18,0,7,0,5
GitHub API for Java,org.kohsuke.github,GHBranch,22,105,2,2,3,26,3,13,2,12
GitHub API for Java,org.kohsuke.github,GHRepoHook,0,35,0,0,0,5,0,4,0,4
GitHub API for Java,org.kohsuke.github,GHCompare.InnerCommit,0,21,0,0,0,8,0,7,0,7
GitHub API for Java,org.kohsuke.github,GHDiscussion.Creator,0,23,0,0,0,4,0,2,0,2
GitHub API for Java,org.kohsuke.github,GHRepositoryRule.StringParameter.new TypeReference() {...},0,6,0,0,0,1,0,1,0,1
GitHub API for Java,org.kohsuke.github,GHPersonSet,16,25,1,3,7,7,4,4,3,3
GitHub API for Java,org.kohsuke.github,GHEventPayload.WorkflowDispatch,0,13,0,0,0,5,0,4,0,4
GitHub API for Java,org.kohsuke.github,GHPermissionType,0,65,0,6,0,12,0,6,0,3
GitHub API for Java,org.kohsuke.github,GHRepository.ForkSort,0,21,0,0,0,4,0,1,0,1
GitHub API for Java,org.kohsuke.github,GHLabel.Setter,0,16,0,0,0,3,0,1,0,1
GitHub API for Java,org.kohsuke.github,GHArtifactsIterable,0,32,0,0,0,7,0,3,0,3
GitHub API for Java,org.kohsuke.github,GHEventPayload.Installation,12,63,1,7,3,16,1,7,0,4
GitHub API for Java,org.kohsuke.github,ServiceDownException,0,4,0,0,0,2,0,1,0,1
GitHub API for Java,org.kohsuke.github,GHCommit.User,0,3,0,0,0,1,0,1,0,1
GitHub API for Java,org.kohsuke.github,GHRepositoryCloneTraffic.DailyInfo,0,11,0,0,0,4,0,2,0,2
GitHub API for Java,org.kohsuke.github,GHSubscription,0,46,0,0,0,13,0,10,0,10
GitHub API for Java,org.kohsuke.github,GHUserSearchBuilder,41,23,0,0,9,7,7,5,7,5
GitHub API for Java,org.kohsuke.github,GHGistUpdater,0,128,0,0,0,24,0,11,0,11
GitHub API for Java,org.kohsuke.github,GHCommitState,0,27,0,0,0,5,0,1,0,1
GitHub API for Java,org.kohsuke.github,GHPullRequest.MergeMethod,0,21,0,0,0,4,0,1,0,1
GitHub API for Java,org.kohsuke.github,GHRepositoryRule.BooleanParameter.new TypeReference() {...},0,6,0,0,0,1,0,1,0,1
GitHub API for Java,org.kohsuke.github,GHReleaseUpdater,40,60,0,0,10,14,5,5,5,5
GitHub API for Java,org.kohsuke.github,GHMemberChanges.FromRoleName,0,6,0,0,0,3,0,2,0,2
GitHub API for Java,org.kohsuke.github,GHBranchProtection.RequiredLinearHistory,0,6,0,0,0,3,0,2,0,2
GitHub API for Java,org.kohsuke.github,GHTeamCannotBeExternallyManagedException,0,6,0,0,0,2,0,1,0,1
GitHub API for Java,org.kohsuke.github,GHEventPayload.Release,0,6,0,0,0,3,0,2,0,2
GitHub API for Java,org.kohsuke.github,GHCommitFileIterable,1,74,2,4,0,16,2,4,0,3
GitHub API for Java,org.kohsuke.github,GHAuthenticatedAppInstallation,0,22,0,0,0,4,0,2,0,2
GitHub API for Java,org.kohsuke.github,GHIssueCommentQueryBuilder,0,47,0,0,0,8,0,5,0,5
GitHub API for Java,org.kohsuke.github,GHWorkflowJobsIterable.new Iterator() {...},0,32,1,1,0,6,1,3,0,3
GitHub API for Java,org.kohsuke.github,GitHub,137,894,2,36,23,156,11,85,9,68
GitHub API for Java,org.kohsuke.github,GHPullRequestChanges,0,12,0,0,0,5,0,4,0,4
GitHub API for Java,org.kohsuke.github,GHRepositoryStatistics,20,101,7,1,7,23,4,9,0,9
GitHub API for Java,org.kohsuke.github,GitHubInteractiveObject,0,29,0,4,0,8,0,6,0,4
GitHub API for Java,org.kohsuke.github,GHRepositoryRule.Type,0,105,0,0,0,18,0,1,0,1
GitHub API for Java,org.kohsuke.github,GHBranchProtection.RequiredSignatures,6,0,0,0,2,0,2,0,2,0
GitHub API for Java,org.kohsuke.github,GitCommit.Tree,0,9,0,0,0,3,0,3,0,3
GitHub API for Java,org.kohsuke.github,GHRepositoryDiscussion.Category,3,32,0,0,1,11,1,10,1,10
GitHub API for Java,org.kohsuke.github,GHEventPayload.TeamAdd,10,22,2,2,2,9,2,3,0,3
GitHub API for Java,org.kohsuke.github,GHDeploymentState,0,45,0,0,0,8,0,1,0,1
GitHub API for Java,org.kohsuke.github,GHRepositoryTrafficReferralBase,0,18,0,0,0,8,0,4,0,4
GitHub API for Java,org.kohsuke.github,GHIssueBuilder,9,95,5,3,3,23,5,6,1,6
GitHub API for Java,org.kohsuke.github,GHDiscussion.Updater,0,17,0,0,0,3,0,1,0,1
GitHub API for Java,org.kohsuke.github,GitHub.LoginLoadingUserAuthorizationProvider,1,42,1,3,1,14,1,4,0,3
GitHub API for Java,org.kohsuke.github,GHRepositoryTrafficTopReferralSources,0,14,0,0,0,6,0,3,0,3
GitHub API for Java,org.kohsuke.github,GHRepositoryTraffic.DailyInfo,0,27,0,0,0,10,0,5,0,5
GitHub API for Java,org.kohsuke.github,GHContent,62,243,4,4,12,56,9,26,5,26
GitHub API for Java,org.kohsuke.github,GHDiscussionBuilder,0,44,0,2,0,9,0,5,0,4
GitHub API for Java,org.kohsuke.github,GHIssueQueryBuilder.ForRepository,0,64,0,0,0,13,0,8,0,8
GitHub API for Java,org.kohsuke.github,GHNotificationStream,28,72,1,1,6,20,4,7,3,7
GitHub API for Java,org.kohsuke.github,GHWorkflow,18,132,1,3,2,27,1,15,0,14
GitHub API for Java,org.kohsuke.github,GHWorkflowRun,20,309,5,9,3,52,5,38,0,36
GitHub API for Java,org.kohsuke.github,GHRepositorySearchBuilder.RepositorySearchResult,0,20,0,2,0,2,0,2,0,1
GitHub API for Java,org.kohsuke.github,GHCommitFilesPage,6,6,0,0,3,3,1,2,1,2
GitHub API for Java,org.kohsuke.github,GHBranchProtection.AllowForkSyncing,0,6,0,0,0,3,0,2,0,2
GitHub API for Java,org.kohsuke.github,GHEventPayload.IssueComment,0,31,1,1,0,11,1,5,0,5
GitHub API for Java,org.kohsuke.github,GHTreeBuilder.DeleteTreeEntry,0,9,0,0,0,3,0,1,0,1
GitHub API for Java,org.kohsuke.github,GHRepositoryStatistics.CommitActivity,0,13,0,0,0,5,0,4,0,4
GitHub API for Java,org.kohsuke.github,GHRepositoryVariable,8,71,0,0,4,16,2,9,2,9
GitHub API for Java,org.kohsuke.github,GitHubAbuseLimitHandler,0,93,0,18,0,18,0,17,0,8
GitHub API for Java,org.kohsuke.github,GHPullRequestCommitDetail,30,11,0,0,7,5,5,3,5,3
GitHub API for Java,org.kohsuke.github,GHHooks.Context,29,109,4,2,4,21,3,5,0,5
GitHub API for Java,org.kohsuke.github,GHRepositoryChanges.FromName,0,6,0,0,0,3,0,2,0,2
GitHub API for Java,org.kohsuke.github,GHCheckRun,5,136,3,7,1,30,3,20,0,18
GitHub API for Java,org.kohsuke.github,GHPullRequestReviewComment.Side,0,27,0,0,0,5,0,2,0,2
GitHub API for Java,org.kohsuke.github,GHRepositoryDiscussion,3,58,0,0,1,16,1,15,1,15
GitHub API for Java,org.kohsuke.github,GHEventPayload.WorkflowJob,10,22,2,2,2,9,2,3,0,3
GitHub API for Java,org.kohsuke.github,GHAppInstallation.GHAppInstallationRepositoryResult,0,3,0,0,0,1,0,1,0,1
GitHub API for Java,org.kohsuke.github,GHIssueStateReason,0,21,0,0,0,4,0,1,0,1
GitHub API for Java,org.kohsuke.github,GHWorkflowsPage,3,27,0,2,1,4,1,3,1,2
GitHub API for Java,org.kohsuke.github,GHRepositoryViewTraffic,0,18,0,0,0,7,0,4,0,4
GitHub API for Java,org.kohsuke.github,GHBranchProtection.AllowDeletions,0,6,0,0,0,3,0,2,0,2
GitHub API for Java,org.kohsuke.github,GHPullRequestFileDetail,39,0,0,0,13,0,12,0,12,0
GitHub API for Java,org.kohsuke.github,GHCommitPointer,12,22,1,1,3,7,3,5,2,5
GitHub API for Java,org.kohsuke.github,GHTeam.Privacy,0,21,0,0,0,4,0,1,0,1
GitHub API for Java,org.kohsuke.github,GHCommit.ShortInfo,12,24,2,2,4,8,2,4,1,3
GitHub API for Java,org.kohsuke.github,GitHubRequest.Builder,9,383,2,22,2,84,2,39,0,29
GitHub API for Java,org.kohsuke.github,GitHubPageContentsIterable.GitHubPageContentsIterator,0,13,0,0,0,4,0,2,0,2
GitHub API for Java,org.kohsuke.github,GHProjectsV2ItemChanges.FieldType,0,39,0,0,0,7,0,1,0,1
GitHub API for Java,org.kohsuke.github,GitHubRateLimitHandler,0,26,0,4,0,6,0,5,0,3
GitHub API for Java,org.kohsuke.github,GHCompare.GHCompareCommitsIterable.new Iterator() {...},0,29,0,2,0,6,0,4,0,3
GitHub API for Java,org.kohsuke.github,GHHook,2,71,1,3,0,14,1,8,0,7
GitHub API for Java,org.kohsuke.github,GHEventPayload.Installation.Repository,0,18,0,0,0,7,0,6,0,6
GitHub API for Java,org.kohsuke.github,GHProjectsV2ItemChanges.FieldValue,0,13,0,0,0,4,0,3,0,3
GitHub API for Java,org.kohsuke.github,GHReleaseBuilder,16,86,0,0,4,18,2,8,2,8
GitHub API for Java,org.kohsuke.github,GHEventPayload.Push.PushCommit,6,35,0,0,2,12,2,10,2,10
GitHub API for Java,org.kohsuke.github,GHIssueChanges,0,9,0,0,0,4,0,3,0,3
GitHub API for Java,org.kohsuke.github,GHIssueComment,43,117,1,3,11,26,4,12,3,11
GitHub API for Java,org.kohsuke.github,GHEventPayload.PullRequestReviewComment,5,34,2,2,1,12,2,5,0,5
GitHub API for Java,org.kohsuke.github,GHCheckRun.AnnotationLevel,0,21,0,0,0,4,0,1,0,1
GitHub API for Java,org.kohsuke.github,GHDiscussion,9,173,8,10,3,31,9,19,1,18
GitHub API for Java,org.kohsuke.github,GHCompare.Tree,0,9,0,0,0,4,0,3,0,3
GitHub API for Java,org.kohsuke.github,GHProject.ProjectStateFilter,0,21,0,0,0,4,0,1,0,1
GitHub API for Java,org.kohsuke.github,GHDeployKey,9,97,0,0,3,24,3,10,3,10
GitHub API for Java,org.kohsuke.github,GHObject,0,49,0,2,0,14,0,11,0,10
GitHub API for Java,org.kohsuke.github,GHCommitBuilder.UserInfo,3,28,1,1,0,8,1,1,0,1
GitHub API for Java,org.kohsuke.github,GHExternalGroupIterable,0,32,0,0,0,8,0,3,0,3
GitHub API for Java,org.kohsuke.github,GHEventPayload.ProjectsV2Item,0,9,0,0,0,4,0,3,0,3
GitHub API for Java,org.kohsuke.github,GHWorkflowJobsIterable,0,31,0,0,0,7,0,3,0,3
GitHub API for Java,org.kohsuke.github,GHOrganization.RepositoryRole,0,19,0,0,0,6,0,4,0,4
GitHub API for Java,org.kohsuke.github,Refreshable,0,5,0,2,0,3,0,2,0,1
GitHub API for Java,org.kohsuke.github,GHReaction,0,9,0,0,0,4,0,3,0,3
GitHub API for Java,org.kohsuke.github,GHIssue,133,580,6,14,35,125,17,56,13,50
GitHub API for Java,org.kohsuke.github,GHRepositoryRule.BooleanParameter,0,9,0,0,0,3,0,2,0,2
GitHub API for Java,org.kohsuke.github,GHRepositoryRule.Parameter,0,21,0,2,0,7,0,4,0,3
GitHub API for Java,org.kohsuke.github,GHAppCreateTokenBuilder,0,76,0,2,0,15,0,6,0,5
GitHub API for Java,org.kohsuke.github,GHBranchProtection.RequiredReviews,6,15,0,0,2,6,2,5,2,5
GitHub API for Java,org.kohsuke.github,GHEnterpriseManagedUsersException,0,11,0,0,0,4,0,2,0,2
GitHub API for Java,org.kohsuke.github,GHPullRequestReview,30,115,0,2,10,29,3,14,3,13
GitHub API for Java,org.kohsuke.github,GHCheckRunBuilder,5,273,6,16,1,61,6,18,0,13
GitHub API for Java,org.kohsuke.github,GHDeployment,8,79,0,0,2,20,2,17,2,17
GitHub API for Java,org.kohsuke.github,GHOrganization.Role,0,15,0,0,0,3,0,1,0,1
GitHub API for Java,org.kohsuke.github,GHCheckRunBuilder.Output,0,44,1,3,0,14,1,5,0,4
GitHub API for Java,org.kohsuke.github,GHMembership,24,36,1,1,3,9,3,6,2,6
GitHub API for Java,org.kohsuke.github,GHPullRequestReviewBuilder.SingleLineDraftReviewComment,0,21,0,0,0,8,0,4,0,4
GitHub API for Java,org.kohsuke.github,GHRepository.Visibility,0,38,0,0,0,7,0,3,0,3
GitHub API for Java,org.kohsuke.github,GHRepositoryTrafficTopReferralPath,0,20,0,0,0,8,0,4,0,4
GitHub API for Java,org.kohsuke.github,GHRepositoryRule.StringParameter,0,9,0,0,0,3,0,2,0,2
GitHub API for Java,org.kohsuke.github,GHRateLimit.Record,11,202,5,29,3,43,4,25,0,12
GitHub API for Java,org.kohsuke.github,GHFork,0,35,0,0,0,8,0,3,0,3
GitHub API for Java,org.kohsuke.github,GHMyself.RepositoryListFilter,0,33,0,0,0,6,0,1,0,1
GitHub API for Java,org.kohsuke.github,GHWorkflowJob,18,113,1,1,2,27,1,21,0,21
GitHub API for Java,org.kohsuke.github,GHGistFile,12,12,0,0,4,5,4,4,4,4
GitHub API for Java,org.kohsuke.github,GHExternalGroup.GHLinkedTeam,0,9,0,0,0,4,0,3,0,3
GitHub API for Java,org.kohsuke.github,GHCompare.GHCompareCommitsIterable,2,69,1,1,1,12,1,4,0,4
GitHub API for Java,org.kohsuke.github,GHBranchProtection.Check,0,18,0,0,0,8,0,4,0,4
GitHub API for Java,org.kohsuke.github,GHContentUpdateResponse,0,9,0,0,0,4,0,3,0,3
GitHub API for Java,org.kohsuke.github,GHTreeEntry,9,55,3,3,4,13,4,9,1,9
GitHub API for Java,org.kohsuke.github,GitHubPageIterator,18,168,4,20,3,46,4,17,0,9
GitHub API for Java,org.kohsuke.github,GHCompare,8,113,0,4,2,26,0,18,0,16
GitHub API for Java,org.kohsuke.github,GHLabel,28,163,5,11,3,37,6,20,1,17
GitHub API for Java,org.kohsuke.github,GHProjectColumn,56,136,2,2,10,27,5,11,4,10
GitHub API for Java,org.kohsuke.github,GHCheckRunBuilder.Action,0,12,0,0,0,5,0,1,0,1
GitHub API for Java,org.kohsuke.github,GHEventPayload.Push,3,38,0,0,1,14,1,12,1,12
GitHub API for Java,org.kohsuke.github,MarkdownMode,0,20,0,0,0,4,0,2,0,2
GitHub API for Java,org.kohsuke.github,GHPullRequestReviewBuilder,17,86,0,0,4,18,2,6,2,6
GitHub API for Java,org.kohsuke.github,GHBranchProtection.Restrictions,20,0,0,0,7,0,6,0,6,0
GitHub API for Java,org.kohsuke.github,GHAuthenticatedAppInstallation.GHAuthenticatedAppInstallationRepositoryResult,0,3,0,0,0,1,0,1,0,1
GitHub API for Java,org.kohsuke.github,GHWorkflowJobQueryBuilder,0,55,0,0,0,9,0,4,0,4
GitHub API for Java,org.kohsuke.github,GHOrganization.Permission,0,39,0,0,0,7,0,1,0,1
GitHub API for Java,org.kohsuke.github,GHMarketplacePlan,9,43,0,0,3,13,3,12,3,12
GitHub API for Java,org.kohsuke.github,GHMemberChanges,0,9,0,0,0,4,0,3,0,3
GitHub API for Java,org.kohsuke.github,GHEventPayload.Delete,0,9,0,0,0,4,0,3,0,3
GitHub API for Java,org.kohsuke.github,HttpException,26,57,2,0,7,19,3,6,2,6
GitHub API for Java,org.kohsuke.github,GHCommitComment,17,171,3,3,1,38,4,16,1,16
GitHub API for Java,org.kohsuke.github,GHIssueRename,0,15,0,0,0,6,0,3,0,3
GitHub API for Java,org.kohsuke.github,GHCommit.Stats,0,3,0,0,0,2,0,1,0,1
GitHub API for Java,org.kohsuke.github,GHRepositoryRule.SecurityAlertsThreshold,0,33,0,0,0,6,0,1,0,1
GitHub API for Java,org.kohsuke.github,GHRef.GHObject,0,13,0,0,0,5,0,4,0,4
GitHub API for Java,org.kohsuke.github,GHTag,6,19,1,1,2,7,3,3,2,3
GitHub API for Java,org.kohsuke.github,GHRepositorySearchBuilder.Sort,0,21,0,0,0,4,0,1,0,1
GitHub API for Java,org.kohsuke.github,GHEventPayload.Member,0,9,0,0,0,4,0,3,0,3
GitHub API for Java,org.kohsuke.github,GHCheckSuite.HeadCommit,0,22,0,0,0,8,0,7,0,7
GitHub API for Java,org.kohsuke.github,PagedIterator,15,122,4,18,3,27,4,14,0,7
GitHub API for Java,org.kohsuke.github,GHAppInstallationToken,0,21,0,0,0,7,0,6,0,6
GitHub API for Java,org.kohsuke.github,GHArtifactsPage,3,27,0,2,1,4,1,3,1,2
GitHub API for Java,org.kohsuke.github,GHRepository.CollaboratorAffiliation,0,21,0,0,0,4,0,1,0,1
GitHub API for Java,org.kohsuke.github,PagedIterable,2,109,1,5,1,28,1,10,0,8
GitHub API for Java,org.kohsuke.github,GHMarketplacePurchase,0,27,0,0,0,9,0,8,0,8
GitHub API for Java,org.kohsuke.github,GHWorkflowsIterable.new Iterator() {...},0,32,1,1,0,6,1,3,0,3
GitHub API for Java,org.kohsuke.github,GHEventPayload.Deployment,0,19,1,1,0,8,1,3,0,3
GitHub API for Java,org.kohsuke.github,GHDeploymentStatusBuilder,8,74,0,0,2,17,1,6,1,6
GitHub API for Java,org.kohsuke.github,GHTeamChanges.FromString,0,6,0,0,0,3,0,2,0,2
GitHub API for Java,org.kohsuke.github,GHBranchProtection.RequiredConversationResolution,0,6,0,0,0,3,0,2,0,2
GitHub API for Java,org.kohsuke.github,GHEventPayload.Push.Pusher,0,9,0,0,0,4,0,3,0,3
GitHub API for Java,org.kohsuke.github,GHProjectsV2ItemChanges,0,12,0,0,0,5,0,4,0,4
GitHub API for Java,org.kohsuke.github,RateLimitChecker,4,52,1,1,2,13,2,3,1,3
GitHub API for Java,org.kohsuke.github,GHRepositoryChanges,0,9,0,0,0,4,0,3,0,3
GitHub API for Java,org.kohsuke.github,GHEventInfo,7,146,1,3,1,30,2,12,1,11
GitHub API for Java,org.kohsuke.github,GHAppInstallation,4,124,0,0,1,23,1,19,1,19
GitHub API for Java,org.kohsuke.github,GitHubClient.RetryRequestException,0,10,0,0,0,5,0,2,0,2
GitHub API for Java,org.kohsuke.github,GHRepositoryCloneTraffic,0,20,0,0,0,7,0,4,0,4
GitHub API for Java,org.kohsuke.github,GHRepositoryDiscussionComment,0,25,0,0,0,8,0,7,0,7
GitHub API for Java,org.kohsuke.github,GHBranchProtectionBuilder.StatusChecks,0,8,0,0,0,2,0,1,0,1
GitHub API for Java,org.kohsuke.github,GHRepositoryRule.Parameters.new GHRepositoryRule.Parameter() {...},0,9,0,0,0,2,0,2,0,2
GitHub API for Java,org.kohsuke.github,GHRepositoryRule.Parameters.new GHRepositoryRule.ListParameter() {...},0,9,0,0,0,2,0,2,0,2
GitHub API for Java,org.kohsuke.github,GHRepositoryRule.Parameters.new GHRepositoryRule.ListParameter() {...},0,9,0,0,0,2,0,2,0,2
GitHub API for Java,org.kohsuke.github,GHRepositoryRule.Parameters.new GHRepositoryRule.ListParameter() {...},0,9,0,0,0,2,0,2,0,2
GitHub API for Java,org.kohsuke.github,GHRepositoryRule.Parameters.new GHRepositoryRule.ListParameter() {...},0,9,0,0,0,2,0,2,0,2
GitHub API for Java,org.kohsuke.github,GHMarketplaceListAccountBuilder.Sort,0,15,0,0,0,3,0,1,0,1
GitHub API for Java,org.kohsuke.github,AbstractBuilder,15,58,4,6,2,16,3,6,0,4
GitHub API for Java,org.kohsuke.github,GHEventInfo.GHEventRepository,0,3,0,0,0,2,0,1,0,1
GitHub API for Java,org.kohsuke.github,GHNotExternallyManagedEnterpriseException,0,6,0,0,0,2,0,1,0,1
GitHub API for Java,org.kohsuke.github,GHLabel.Updater,0,16,0,0,0,3,0,1,0,1
GitHub API for Java,org.kohsuke.github,GHTeamChanges.FromPrivacy,0,10,0,0,0,3,0,2,0,2
GitHub API for Java,org.kohsuke.github,GHRequestedAction,17,0,0,0,7,0,5,0,5,0
GitHub API for Java,org.kohsuke.github,GitHubClient,171,1203,30,116,39,283,29,106,4,57
GitHub API for Java,org.kohsuke.github,GHCompare.Status,0,27,0,0,0,5,0,1,0,1
GitHub API for Java,org.kohsuke.github,GHHooks.OrgContext,2,27,0,0,1,6,1,4,1,4
GitHub API for Java,org.kohsuke.github,GHRelease,39,173,3,1,8,32,7,21,5,21
GitHub API for Java,org.kohsuke.github,GHIssueQueryBuilder.Sort,0,21,0,0,0,4,0,1,0,1
GitHub API for Java,org.kohsuke.github,GHBranchProtection.LockBranch,0,6,0,0,0,3,0,2,0,2
GitHub API for Java,org.kohsuke.github,GitHubResponse,19,130,1,7,7,36,2,13,1,10
GitHub API for Java,org.kohsuke.github,GHCheckRunBuilder.Image,0,14,0,0,0,6,0,2,0,2
GitHub API for Java,org.kohsuke.github,GHUserSearchBuilder.UserSearchResult,0,3,0,0,0,1,0,1,0,1
GitHub API for Java,org.kohsuke.github,GitHubBuilder,60,209,8,8,18,55,8,21,2,19
GitHub API for Java,org.kohsuke.github,GHEventPayload.PullRequestReview,5,31,2,2,1,11,2,4,0,4
GitHub API for Java,org.kohsuke.github,GHIssueSearchBuilder.IssueSearchResult,0,20,0,2,0,2,0,2,0,1
GitHub API for Java,org.kohsuke.github,GitHub.AuthorizationRefreshGitHubWrapper,11,23,1,1,3,6,1,2,0,2
GitHub API for Java,org.kohsuke.github,GHFileNotFoundException,7,17,0,0,3,7,2,3,2,3
GitHub API for Java,org.kohsuke.github,GHCheckRunBuilder.Annotation,15,34,0,0,6,11,3,3,3,3
GitHub API for Java,org.kohsuke.github,GHAppFromManifest,0,15,0,0,0,6,0,5,0,5
GitHub API for Java,org.kohsuke.github,GitHubRequest.Entry,0,9,0,0,0,4,0,1,0,1
GitHub API for Java,org.kohsuke.github,GHEventPayload.Label,0,9,0,0,0,4,0,3,0,3
GitHub API for Java,org.kohsuke.github,GHTeamChanges.FromRepository,0,6,0,0,0,3,0,2,0,2
GitHub API for Java,org.kohsuke.github,GHProjectsV2ItemChanges.FromTo,0,9,0,0,0,4,0,3,0,3
GitHub API for Java,org.kohsuke.github,GHRepository,643,2487,38,56,130,470,73,208,43,191
GitHub API for Java,org.kohsuke.github,GHHooks.RepoContext,0,38,0,0,0,8,0,5,0,5
GitHub API for Java,org.kohsuke.github,GHRepository.Setter,0,26,0,0,0,4,0,1,0,1
GitHub API for Java,org.kohsuke.github,GHCommentAuthorAssociation,0,51,0,0,0,9,0,1,0,1
GitHub API for Java,org.kohsuke.github,GHCheckSuite,5,114,4,10,2,25,5,18,1,15
GitHub API for Java,org.kohsuke.github,GHStargazer,0,17,0,0,0,7,0,5,0,5
GitHub API for Java,org.kohsuke.github,GHPullRequest.AutoMerge,0,15,0,0,0,6,0,5,0,5
GitHub API for Java,org.kohsuke.github,GHTeam.Role,0,15,0,0,0,3,0,1,0,1
GitHub API for Java,org.kohsuke.github,GHEventPayload.Team,10,25,2,2,2,10,2,4,0,4
GitHub API for Java,org.kohsuke.github,GHBranchProtection.AllowForcePushes,0,6,0,0,0,3,0,2,0,2
GitHub API for Java,org.kohsuke.github,GHProject,131,104,8,0,25,23,13,12,9,12
GitHub API for Java,org.kohsuke.github,RateLimitTarget,0,33,0,0,0,6,0,1,0,1
GitHub API for Java,org.kohsuke.github,GHLabelBuilder,0,45,0,2,0,9,0,5,0,4
GitHub API for Java,org.kohsuke.github,GHEventPayload.Star,0,7,0,0,0,3,0,2,0,2
GitHub API for Java,org.kohsuke.github,GHTeamBuilder,0,84,0,0,0,18,0,8,0,8
GitHub API for Java,org.kohsuke.github,GHPullRequestSearchBuilder.Sort,0,27,0,0,0,5,0,1,0,1
GitHub API for Java,org.kohsuke.github,GHBranch.Commit,0,3,0,0,0,2,0,1,0,1
GitHub API for Java,org.kohsuke.github,GHEventPayload.Status,5,34,2,2,1,13,2,7,0,7
GitHub API for Java,org.kohsuke.github,GHIssueSearchBuilder,21,30,0,0,5,9,4,6,4,6
GitHub API for Java,org.kohsuke.github,GHMembership.Role,0,15,0,0,0,3,0,1,0,1
GitHub API for Java,org.kohsuke.github,GHMarketplaceAccount,3,28,0,0,1,8,1,7,1,7
GitHub API for Java,org.kohsuke.github.example.dataobject,ReadOnlyObjects.GHMetaGettersFinal,0,63,0,0,0,16,0,8,0,8
GitHub API for Java,org.kohsuke.github.example.dataobject,ReadOnlyObjects.GHMetaGettersUnmodifiable,0,35,0,0,0,10,0,8,0,8
GitHub API for Java,org.kohsuke.github.example.dataobject,ReadOnlyObjects.GHMetaGettersFinalCreator,0,54,0,0,0,17,0,8,0,8
GitHub API for Java,org.kohsuke.github.example.dataobject,ReadOnlyObjects,3,0,0,0,2,0,1,0,1,0
GitHub API for Java,org.kohsuke.github.example.dataobject,ReadOnlyObjects.GHMetaPublic,28,24,0,0,14,9,7,8,7,8
GitHub API for Java,org.kohsuke.github.example.dataobject,ReadOnlyObjects.GHMetaPackage,8,44,0,0,4,19,2,13,2,13
GitHub API for Java,org.kohsuke.github.extras,HttpClientGitHubConnector.HttpClientGitHubConnectorResponse,0,25,0,0,0,7,0,3,0,3
GitHub API for Java,org.kohsuke.github.extras,HttpClientGitHubConnector,17,81,1,5,4,20,1,5,0,3
GitHub API for Java,org.kohsuke.github.authorization,AuthorizationProvider,0,5,0,0,0,1,0,1,0,1
GitHub API for Java,org.kohsuke.github.authorization,OrgAppInstallationAuthorizationProvider,4,6,0,0,0,2,1,1,1,1
GitHub API for Java,org.kohsuke.github.authorization,AppInstallationAuthorizationProvider,5,61,3,1,0,14,2,3,0,3
GitHub API for Java,org.kohsuke.github.authorization,AnonymousAuthorizationProvider,0,5,0,0,0,3,0,2,0,2
GitHub API for Java,org.kohsuke.github.authorization,ImmutableAuthorizationProvider.UserProvider,0,15,0,0,0,6,0,3,0,3
GitHub API for Java,org.kohsuke.github.authorization,ImmutableAuthorizationProvider,0,50,0,0,0,8,0,6,0,6
GitHub API for Java,org.kohsuke.github.extras.authorization,JWTTokenProvider,14,122,1,3,3,29,1,10,0,9
GitHub API for Java,org.kohsuke.github.extras.authorization,JwtBuilderUtil,10,43,0,2,3,13,1,4,1,3
GitHub API for Java,org.kohsuke.github.extras.authorization,JwtBuilderUtil.DefaultBuilderImpl,0,24,0,0,0,8,0,1,0,1
GitHub API for Java,org.kohsuke.github.extras.authorization,JwtBuilderUtil.ReflectionBuilderImpl,7,158,0,0,2,21,0,4,0,4
