GROUP,PACKAGE,CLASS,INSTRUCTION_MISSED,INSTRUCTION_COVERED,BRANCH_MISSED,BRANCH_COVERED,LINE_MISSED,LINE_COVERED,COMPLEXITY_MISSED,COMPLEXITY_COVERED,METHOD_MISSED,METHOD_COVERED
GitHub API for Java,org.kohsuke.github.extras.okhttp3,ObsoleteUrlFactory.ResponseBodyInputStream,23,32,0,0,7,10,5,5,5,5
GitHub API for Java,org.kohsuke.github.extras.okhttp3,ObsoleteUrlFactory.OutputStreamRequestBody.new OutputStream() {...},86,50,9,3,11,11,8,3,2,3
GitHub API for Java,org.kohsuke.github.extras.okhttp3,ObsoleteUrlFactory.new URLStreamHandler() {...},38,0,4,0,8,0,6,0,4,0
GitHub API for Java,org.kohsuke.github.extras.okhttp3,ObsoleteUrlFactory.OkHttpURLConnection,527,395,84,38,132,99,75,19,21,12
GitHub API for Java,org.kohsuke.github.extras.okhttp3,ObsoleteUrlFactory.OutputStreamRequestBody,5,21,0,0,2,6,2,3,2,3
GitHub API for Java,org.kohsuke.github.extras.okhttp3,ObsoleteUrlFactory.UnexpectedException,10,8,0,0,4,2,1,2,1,2
GitHub API for Java,org.kohsuke.github.extras.okhttp3,ObsoleteUrlFactory.DelegatingHttpsURLConnection,330,0,14,0,91,0,67,0,60,0
GitHub API for Java,org.kohsuke.github.extras.okhttp3,ObsoleteUrlFactory.OkHttpsURLConnection,67,0,4,0,16,0,9,0,7,0
GitHub API for Java,org.kohsuke.github.extras.okhttp3,OkHttpConnector,0,77,1,7,0,16,1,7,0,4
GitHub API for Java,org.kohsuke.github.extras.okhttp3,ObsoleteUrlFactory.BufferedRequestBody,2,54,1,1,1,15,1,4,0,4
GitHub API for Java,org.kohsuke.github.extras.okhttp3,ObsoleteUrlFactory.StreamedRequestBody,38,0,2,0,9,0,4,0,3,0
GitHub API for Java,org.kohsuke.github.extras.okhttp3,ObsoleteUrlFactory,216,273,43,27,48,50,37,19,9,12
GitHub API for Java,org.kohsuke.github.extras.okhttp3,ObsoleteUrlFactory.OkHttpURLConnection.NetworkInterceptor,12,99,1,3,4,24,1,4,0,3
GitHub API for Java,org.kohsuke.github.internal,EnumUtils,0,43,0,2,0,9,0,4,0,3
GitHub API for Java,org.kohsuke.github.internal,Previews,0,191,0,0,0,21,0,3,0,3
GitHub API for Java,org.kohsuke.github,GHRepositorySelection,5,24,0,0,1,2,1,1,1,1
GitHub API for Java,org.kohsuke.github,GHOrganization,267,563,13,9,48,86,23,33,16,29
GitHub API for Java,org.kohsuke.github,GHHooks,3,13,0,0,1,2,1,2,1,2
GitHub API for Java,org.kohsuke.github,GHCommit,17,327,5,11,4,63,7,31,2,28
GitHub API for Java,org.kohsuke.github,GHLabelChanges.GHFrom,0,6,0,0,0,2,0,2,0,2
GitHub API for Java,org.kohsuke.github,GHSearchBuilder,0,52,0,0,0,10,0,3,0,3
GitHub API for Java,org.kohsuke.github,GHRepositoryTraffic,0,18,0,0,0,8,0,4,0,4
GitHub API for Java,org.kohsuke.github,GHBranch,59,108,7,2,10,29,7,13,3,12
GitHub API for Java,org.kohsuke.github,GHUser,120,180,4,6,16,30,13,16,9,15
GitHub API for Java,org.kohsuke.github,GHThread.Subject,0,3,0,0,0,1,0,1,0,1
GitHub API for Java,org.kohsuke.github,GHRepoHook,0,35,0,0,0,5,0,4,0,4
GitHub API for Java,org.kohsuke.github,GHCheckRun.Conclusion,0,105,0,0,0,4,0,3,0,3
GitHub API for Java,org.kohsuke.github,GHCompare.InnerCommit,0,21,0,0,0,7,0,7,0,7
GitHub API for Java,org.kohsuke.github,GHDiscussion.Creator,0,23,0,0,0,4,0,2,0,2
GitHub API for Java,org.kohsuke.github,GHPermission,6,11,0,0,2,2,2,2,2,2
GitHub API for Java,org.kohsuke.github,GHBranchProtection,6,81,0,0,2,10,2,8,2,8
GitHub API for Java,org.kohsuke.github,GHPersonSet,17,24,2,2,7,7,5,3,3,3
GitHub API for Java,org.kohsuke.github,RateLimitChecker.new RateLimitChecker() {...},0,3,0,0,0,1,0,1,0,1
GitHub API for Java,org.kohsuke.github,GitHub.DependentAuthorizationProvider,5,28,2,2,1,9,2,3,0,3
GitHub API for Java,org.kohsuke.github,GHPermissionType,0,44,0,0,0,2,0,1,0,1
GitHub API for Java,org.kohsuke.github,GHEventPayload.WorkflowDispatch,0,13,0,0,0,4,0,4,0,4
GitHub API for Java,org.kohsuke.github,GHRepository.ForkSort,0,34,0,0,0,2,0,1,0,1
GitHub API for Java,org.kohsuke.github,GHException,0,9,0,0,0,4,0,2,0,2
GitHub API for Java,org.kohsuke.github,GHLabel.Setter,0,16,0,0,0,3,0,1,0,1
GitHub API for Java,org.kohsuke.github,GHArtifactsIterable,0,32,0,0,0,7,0,3,0,3
GitHub API for Java,org.kohsuke.github,GHEventPayload.Installation,12,35,3,5,3,10,3,4,0,3
GitHub API for Java,org.kohsuke.github,GHCommit.User,0,3,0,0,0,1,0,1,0,1
GitHub API for Java,org.kohsuke.github,GHTree,5,64,1,5,2,11,2,8,1,6
GitHub API for Java,org.kohsuke.github,GHSubscription,0,46,0,0,0,12,0,10,0,10
GitHub API for Java,org.kohsuke.github,GHRepositoryCloneTraffic.DailyInfo,0,11,0,0,0,4,0,2,0,2
GitHub API for Java,org.kohsuke.github,GHPullRequestReviewState,8,83,4,4,3,13,4,5,0,3
GitHub API for Java,org.kohsuke.github,GHMyself,178,63,8,0,31,14,12,8,8,8
GitHub API for Java,org.kohsuke.github,GHUserSearchBuilder,71,35,0,0,9,7,7,5,7,5
GitHub API for Java,org.kohsuke.github,GHArtifact,20,91,1,1,3,15,2,11,1,11
GitHub API for Java,org.kohsuke.github,GHCommitState,0,44,0,0,0,2,0,1,0,1
GitHub API for Java,org.kohsuke.github,GHGistUpdater,0,128,0,0,0,24,0,11,0,11
GitHub API for Java,org.kohsuke.github,GHPullRequest.MergeMethod,0,34,0,0,0,2,0,1,0,1
GitHub API for Java,org.kohsuke.github,GHThread,123,42,9,1,19,9,11,8,6,8
GitHub API for Java,org.kohsuke.github,GHReleaseUpdater,40,58,0,0,10,12,5,4,5,4
GitHub API for Java,org.kohsuke.github,GHEventPayload.Release,0,11,0,0,0,3,0,3,0,3
GitHub API for Java,org.kohsuke.github,GHBlob,25,28,1,1,5,7,3,5,2,5
GitHub API for Java,org.kohsuke.github,GHDeploymentBuilder,40,77,0,0,10,20,5,7,5,7
GitHub API for Java,org.kohsuke.github,GHRepositoryStatistics.PunchCardItem,0,57,0,0,0,9,0,5,0,5
GitHub API for Java,org.kohsuke.github,GHMarketplaceListAccountBuilder,0,47,0,0,0,10,0,4,0,4
GitHub API for Java,org.kohsuke.github,GHWorkflowJobsIterable.new Iterator() {...},0,33,1,1,0,6,1,3,0,3
GitHub API for Java,org.kohsuke.github,GitHubRateLimitChecker,43,121,9,13,7,32,7,10,0,6
GitHub API for Java,org.kohsuke.github,GitHubRequest,23,262,2,20,6,50,4,26,2,17
GitHub API for Java,org.kohsuke.github,GitHub,226,943,5,35,31,156,19,81,15,65
GitHub API for Java,org.kohsuke.github,GHPullRequest,137,409,4,8,27,97,18,36,15,33
GitHub API for Java,org.kohsuke.github,ReactionContent,2,126,1,3,1,16,1,5,0,4
GitHub API for Java,org.kohsuke.github,GHPullRequestChanges,0,12,0,0,0,4,0,4,0,4
GitHub API for Java,org.kohsuke.github,GHRepositoryStatistics,20,107,7,1,7,23,4,9,0,9
GitHub API for Java,org.kohsuke.github,GitHubInteractiveObject,0,32,0,4,0,9,0,7,0,5
GitHub API for Java,org.kohsuke.github,GHRef,0,174,1,11,0,35,1,15,0,10
GitHub API for Java,org.kohsuke.github,GHEventPayload.CheckRun,14,36,2,2,3,11,3,6,1,6
GitHub API for Java,org.kohsuke.github,GHBranchProtection.RequiredSignatures,6,0,0,0,2,0,2,0,2,0
GitHub API for Java,org.kohsuke.github,GHTreeBuilder,41,132,1,3,7,21,2,9,1,8
GitHub API for Java,org.kohsuke.github,GHCheckRun.Output,0,19,0,0,0,6,0,6,0,6
GitHub API for Java,org.kohsuke.github,GHEventPayload.WorkflowRun,10,33,3,3,2,10,3,4,0,4
GitHub API for Java,org.kohsuke.github,GHDeploymentState,0,74,0,0,0,8,0,1,0,1
GitHub API for Java,org.kohsuke.github,GHEmail,40,0,2,0,10,0,8,0,7,0
GitHub API for Java,org.kohsuke.github,GHIssueBuilder,9,95,5,3,3,23,5,6,1,6
GitHub API for Java,org.kohsuke.github,GHInvitation,49,0,0,0,6,0,4,0,4,0
GitHub API for Java,org.kohsuke.github,PagedSearchIterable.new Iterator() {...},0,33,0,2,0,6,0,4,0,3
GitHub API for Java,org.kohsuke.github,GHDiscussion.Updater,0,17,0,0,0,3,0,1,0,1
GitHub API for Java,org.kohsuke.github,GHAsset,32,95,2,0,7,19,4,14,3,14
GitHub API for Java,org.kohsuke.github,GitHub.LoginLoadingUserAuthorizationProvider,1,42,1,3,1,14,1,4,0,3
GitHub API for Java,org.kohsuke.github,GHContentWithLicense,0,9,0,0,0,3,0,2,0,2
GitHub API for Java,org.kohsuke.github,GHWorkflowRunsPage,3,27,0,2,1,4,1,3,1,2
GitHub API for Java,org.kohsuke.github,GHRepositoryTraffic.DailyInfo,0,27,0,0,0,10,0,5,0,5
GitHub API for Java,org.kohsuke.github,GHContent,74,256,4,4,12,56,9,25,5,25
GitHub API for Java,org.kohsuke.github,GHIssueEvent,44,39,0,0,10,13,6,12,6,12
GitHub API for Java,org.kohsuke.github,GHRepositorySearchBuilder,88,96,0,4,8,18,8,12,8,10
GitHub API for Java,org.kohsuke.github,GHRepository.Updater,0,26,0,0,0,4,0,1,0,1
GitHub API for Java,org.kohsuke.github,GHDiscussionBuilder,0,44,0,2,0,9,0,5,0,4
GitHub API for Java,org.kohsuke.github,GHNotificationStream,28,72,1,1,6,20,4,7,3,7
GitHub API for Java,org.kohsuke.github,GHIssueQueryBuilder.ForRepository,0,64,0,0,0,13,0,8,0,8
GitHub API for Java,org.kohsuke.github,GHWorkflow,18,147,1,3,2,26,1,15,0,14
GitHub API for Java,org.kohsuke.github,GHWorkflowRun,20,297,5,9,3,46,5,34,0,32
GitHub API for Java,org.kohsuke.github,GHRepositorySearchBuilder.RepositorySearchResult,0,20,0,2,0,2,0,2,0,1
GitHub API for Java,org.kohsuke.github,GHEventPayload.IssueComment,0,38,1,1,0,11,1,6,0,6
GitHub API for Java,org.kohsuke.github,GHCommitStatus,15,42,1,3,2,8,2,7,1,6
GitHub API for Java,org.kohsuke.github,GHRepositoryStatistics.CommitActivity,5,13,0,0,1,4,1,4,1,4
GitHub API for Java,org.kohsuke.github,GHRepositorySearchBuilder.Fork,0,48,0,0,0,8,0,3,0,3
GitHub API for Java,org.kohsuke.github,GHCompare.new PagedIterable() {...},0,16,0,0,0,2,0,2,0,2
GitHub API for Java,org.kohsuke.github,GHPullRequestCommitDetail,41,0,0,0,11,0,8,0,8,0
GitHub API for Java,org.kohsuke.github,GHEventPayload.DeploymentStatus,0,37,1,1,0,11,1,6,0,6
GitHub API for Java,org.kohsuke.github,GHBranchProtectionBuilder,243,149,22,4,43,37,23,19,12,17
GitHub API for Java,org.kohsuke.github,GHHooks.Context,29,123,4,2,4,21,3,5,0,5
GitHub API for Java,org.kohsuke.github,GHAuthorization,3,37,0,0,1,11,1,11,1,11
GitHub API for Java,org.kohsuke.github,GHCheckRun,9,136,3,7,3,29,5,20,2,18
GitHub API for Java,org.kohsuke.github,GHMarketplacePendingChange,0,16,0,0,0,5,0,5,0,5
GitHub API for Java,org.kohsuke.github,GHEventPayload.Ping,0,3,0,0,0,1,0,1,0,1
GitHub API for Java,org.kohsuke.github,GHAppInstallation.GHAppInstallationRepositoryResult,0,3,0,0,0,1,0,1,0,1
GitHub API for Java,org.kohsuke.github,GHWorkflowsPage,3,27,0,2,1,4,1,3,1,2
GitHub API for Java,org.kohsuke.github,GHRepository.new AbstractSet() {...},89,24,9,1,19,5,8,3,3,3
GitHub API for Java,org.kohsuke.github,GHPerson,69,151,2,6,17,44,10,21,8,19
GitHub API for Java,org.kohsuke.github,GHMarketplacePriceModel,3,45,0,0,1,5,1,2,1,2
GitHub API for Java,org.kohsuke.github,GitHubClient.GHApiInfo,0,22,0,2,0,4,0,2,0,1
GitHub API for Java,org.kohsuke.github,GHRepositoryViewTraffic,0,18,0,0,0,7,0,4,0,4
GitHub API for Java,org.kohsuke.github,GHCheckRunsIterable.new Iterator() {...},0,33,0,2,0,6,0,4,0,3
GitHub API for Java,org.kohsuke.github,GHIssueChanges.GHFrom,0,6,0,0,0,2,0,2,0,2
GitHub API for Java,org.kohsuke.github,GHProjectCard,91,110,6,2,23,20,12,12,8,12
GitHub API for Java,org.kohsuke.github,GHPullRequestFileDetail,39,0,0,0,12,0,12,0,12,0
GitHub API for Java,org.kohsuke.github,EnforcementLevel,39,0,0,0,3,0,2,0,2,0
GitHub API for Java,org.kohsuke.github,GHCommitPointer,12,22,1,1,3,6,3,5,2,5
GitHub API for Java,org.kohsuke.github,RateLimitHandler,0,12,0,0,0,3,0,2,0,2
GitHub API for Java,org.kohsuke.github,GHTeam.Privacy,0,24,0,0,0,3,0,1,0,1
GitHub API for Java,org.kohsuke.github,GHCommit.ShortInfo,0,26,0,0,0,8,0,8,0,8
GitHub API for Java,org.kohsuke.github,GitHubRequest.Builder,27,339,3,19,5,72,3,37,1,28
GitHub API for Java,org.kohsuke.github,GitHubPageContentsIterable.GitHubPageContentsIterator,0,13,0,0,0,4,0,2,0,2
GitHub API for Java,org.kohsuke.github,GHEventPayload.CheckSuite,11,23,2,2,2,8,2,3,0,3
GitHub API for Java,org.kohsuke.github,GHCommit.new AbstractList() {...},0,19,0,0,0,3,0,3,0,3
GitHub API for Java,org.kohsuke.github,GHCompare.GHCompareCommitsIterable.new Iterator() {...},0,30,0,2,0,6,0,4,0,3
GitHub API for Java,org.kohsuke.github,GHDeploymentStatus,11,33,0,0,3,9,3,8,3,8
GitHub API for Java,org.kohsuke.github,GHHook,4,77,1,3,1,13,2,8,1,7
GitHub API for Java,org.kohsuke.github,GHNotificationStream.new Iterator() {...},35,166,8,14,10,39,7,9,0,5
GitHub API for Java,org.kohsuke.github,GHIOException,4,17,0,0,1,8,1,4,1,4
GitHub API for Java,org.kohsuke.github,GHCheckRunsIterable,0,31,0,0,0,7,0,3,0,3
GitHub API for Java,org.kohsuke.github,GHTreeBuilder.TreeEntry,0,12,0,0,0,5,0,1,0,1
GitHub API for Java,org.kohsuke.github,GHReleaseBuilder,16,70,0,0,4,14,2,6,2,6
GitHub API for Java,org.kohsuke.github,GHPullRequestQueryBuilder.Sort,0,44,0,0,0,2,0,1,0,1
GitHub API for Java,org.kohsuke.github,GHEventPayload.Push.PushCommit,9,32,0,0,3,10,3,9,3,9
GitHub API for Java,org.kohsuke.github,GHIssueChanges,0,9,0,0,0,3,0,3,0,3
GitHub API for Java,org.kohsuke.github,AbuseLimitHandler,0,12,0,0,0,3,0,2,0,2
GitHub API for Java,org.kohsuke.github,GHIssueComment,47,122,1,3,12,21,5,11,4,10
GitHub API for Java,org.kohsuke.github,GHTagObject,0,32,0,0,0,11,0,10,0,10
GitHub API for Java,org.kohsuke.github,GHWorkflowsIterable,0,41,0,0,0,10,0,3,0,3
GitHub API for Java,org.kohsuke.github,GHEventPayload.PullRequestReviewComment,5,31,2,2,1,10,2,4,0,4
GitHub API for Java,org.kohsuke.github,GHCheckRun.AnnotationLevel,0,34,0,0,0,2,0,1,0,1
GitHub API for Java,org.kohsuke.github,GHDiscussion,9,189,8,10,3,30,9,19,1,18
GitHub API for Java,org.kohsuke.github,GHMarketplaceAccountPlan,0,9,0,0,0,3,0,3,0,3
GitHub API for Java,org.kohsuke.github,GHCompare.Tree,0,9,0,0,0,3,0,3,0,3
GitHub API for Java,org.kohsuke.github,GHCommit.File,0,35,0,0,0,11,0,11,0,11
GitHub API for Java,org.kohsuke.github,GHRepository.Contributor,7,6,0,0,2,2,2,2,2,2
GitHub API for Java,org.kohsuke.github,GHPullRequestCommitDetail.Commit,22,0,0,0,7,0,7,0,7,0
GitHub API for Java,org.kohsuke.github,GHDeployKey,81,0,0,0,16,0,10,0,10,0
GitHub API for Java,org.kohsuke.github,GHProject.ProjectStateFilter,0,34,0,0,0,2,0,1,0,1
GitHub API for Java,org.kohsuke.github,GHObject,35,49,6,2,7,14,6,11,3,10
GitHub API for Java,org.kohsuke.github,GHCommit.ShortInfo.Tree,0,3,0,0,0,1,0,1,0,1
GitHub API for Java,org.kohsuke.github,GHCommitBuilder.UserInfo,3,28,1,1,0,8,1,1,0,1
GitHub API for Java,org.kohsuke.github,RateLimitHandler.new RateLimitHandler() {...},10,24,1,1,3,7,1,3,0,3
GitHub API for Java,org.kohsuke.github,GHMarketplaceAccountType,6,24,0,0,1,2,1,1,1,1
GitHub API for Java,org.kohsuke.github,RateLimitHandler.new RateLimitHandler() {...},0,11,0,0,0,2,0,2,0,2
GitHub API for Java,org.kohsuke.github,GHWorkflowJobsIterable,0,31,0,0,0,7,0,3,0,3
GitHub API for Java,org.kohsuke.github,GHPullRequestChanges.GHCommitPointer,0,9,0,0,0,3,0,3,0,3
GitHub API for Java,org.kohsuke.github,GHReaction,2,33,0,0,1,5,1,4,1,4
GitHub API for Java,org.kohsuke.github,Refreshable,0,5,0,2,0,3,0,2,0,1
GitHub API for Java,org.kohsuke.github,GHVerification,0,15,0,0,0,5,0,5,0,5
GitHub API for Java,org.kohsuke.github,GHIssue,148,571,6,14,36,111,18,51,14,45
GitHub API for Java,org.kohsuke.github,GHUserSearchBuilder.Sort,0,34,0,0,0,2,0,1,0,1
GitHub API for Java,org.kohsuke.github,GitHubPageContentsIterable,0,49,0,0,0,12,0,3,0,3
GitHub API for Java,org.kohsuke.github,GHAppCreateTokenBuilder,9,71,0,2,3,16,1,5,1,4
GitHub API for Java,org.kohsuke.github,GHRepositoryBuilder,20,97,0,0,4,18,3,16,3,16
GitHub API for Java,org.kohsuke.github,GHBranchProtection.RequiredReviews,6,12,0,0,2,4,2,4,2,4
GitHub API for Java,org.kohsuke.github,GHPullRequestReview,50,121,0,0,13,25,5,12,5,12
GitHub API for Java,org.kohsuke.github,GHIssue.PullRequest,12,3,0,0,3,1,3,1,3,1
GitHub API for Java,org.kohsuke.github,GHCompare.User,0,3,0,0,0,1,0,1,0,1
GitHub API for Java,org.kohsuke.github,GHDeployment,10,85,0,0,3,21,3,17,3,17
GitHub API for Java,org.kohsuke.github,GHCheckRunBuilder,5,281,6,14,1,63,6,16,0,12
GitHub API for Java,org.kohsuke.github,GHOrganization.Role,0,24,0,0,0,3,0,1,0,1
GitHub API for Java,org.kohsuke.github,GHCheckRunBuilder.Output,0,44,1,3,0,14,1,5,0,4
GitHub API for Java,org.kohsuke.github,GHMembership,27,33,1,1,4,7,4,5,3,5
GitHub API for Java,org.kohsuke.github,GHPullRequestReviewBuilder.DraftReviewComment,9,12,0,0,3,5,3,1,3,1
GitHub API for Java,org.kohsuke.github,GHRepository.Visibility,0,55,0,0,0,7,0,3,0,3
GitHub API for Java,org.kohsuke.github,GHRateLimit,30,291,7,29,4,70,7,28,0,17
GitHub API for Java,org.kohsuke.github,GHPerson.new Iterator() {...},17,0,0,0,3,0,3,0,3,0
GitHub API for Java,org.kohsuke.github,GHContentSearchBuilder.ContentSearchResult,0,3,0,0,0,1,0,1,0,1
GitHub API for Java,org.kohsuke.github,GHPullRequestReviewComment,18,215,0,2,6,40,2,18,2,17
GitHub API for Java,org.kohsuke.github,GHQueryBuilder,0,8,0,0,0,3,0,1,0,1
GitHub API for Java,org.kohsuke.github,GHMilestone,52,90,1,1,12,20,9,14,8,14
GitHub API for Java,org.kohsuke.github,JsonRateLimit,0,9,0,0,0,4,0,1,0,1
GitHub API for Java,org.kohsuke.github,GHCreateRepositoryBuilder,20,72,1,1,5,12,4,6,3,6
GitHub API for Java,org.kohsuke.github,GHRateLimit.Record,17,216,5,29,3,43,4,25,0,12
GitHub API for Java,org.kohsuke.github,GHBranchProtection.RequiredStatusChecks,3,10,0,0,1,3,1,3,1,3
GitHub API for Java,org.kohsuke.github,GHGist,8,233,3,9,3,39,4,27,1,24
GitHub API for Java,org.kohsuke.github,GHDirection,0,24,0,0,0,2,0,1,0,1
GitHub API for Java,org.kohsuke.github,GHRepositoryStatistics.ContributorStats,9,56,1,3,2,10,2,7,1,6
GitHub API for Java,org.kohsuke.github,GitHubResponse.ResponseInfo,0,68,0,2,0,20,0,9,0,8
GitHub API for Java,org.kohsuke.github,GHMyself.RepositoryListFilter,0,54,0,0,0,6,0,1,0,1
GitHub API for Java,org.kohsuke.github,GHPullRequestCommitDetail.Tree,10,0,0,0,3,0,3,0,3,0
GitHub API for Java,org.kohsuke.github,GHIssueState,0,34,0,0,0,2,0,1,0,1
GitHub API for Java,org.kohsuke.github,GHWorkflowJob,18,101,1,1,2,19,1,15,0,15
GitHub API for Java,org.kohsuke.github,GHGistFile,12,12,0,0,4,4,4,4,4,4
GitHub API for Java,org.kohsuke.github,GHCompare.GHCompareCommitsIterable,2,69,1,1,1,12,1,4,0,4
GitHub API for Java,org.kohsuke.github,GHContentUpdateResponse,0,9,0,0,0,3,0,3,0,3
GitHub API for Java,org.kohsuke.github,GHTreeEntry,9,55,3,3,4,12,4,9,1,9
GitHub API for Java,org.kohsuke.github,GitHubHttpUrlConnectionClient,0,90,1,3,0,22,1,4,0,3
GitHub API for Java,org.kohsuke.github,GitHubPageIterator,20,179,6,22,3,46,6,17,0,9
GitHub API for Java,org.kohsuke.github,GHAppInstallationsIterable,0,36,0,0,0,7,0,3,0,3
GitHub API for Java,org.kohsuke.github,GHVerification.Reason,0,134,0,0,0,14,0,1,0,1
GitHub API for Java,org.kohsuke.github,GHCompare,13,113,0,4,3,25,1,18,1,16
GitHub API for Java,org.kohsuke.github,GHProjectColumn,71,148,2,2,14,28,8,11,7,10
GitHub API for Java,org.kohsuke.github,GHCheckRunsPage,3,27,0,2,1,4,1,3,1,2
GitHub API for Java,org.kohsuke.github,GHEventPayload.Push,3,40,0,0,1,13,1,12,1,12
GitHub API for Java,org.kohsuke.github,GHCheckRunBuilder.Action,0,12,0,0,0,5,0,1,0,1
GitHub API for Java,org.kohsuke.github,GHLabel,28,178,5,11,3,41,6,22,1,19
GitHub API for Java,org.kohsuke.github,GHRepositoryStatistics.CodeFrequency,0,58,0,0,0,10,0,5,0,5
GitHub API for Java,org.kohsuke.github,GitHubHttpUrlConnectionClient.HttpURLConnectionResponseInfo,70,220,5,23,14,62,4,19,0,9
GitHub API for Java,org.kohsuke.github,GHPullRequestCommitDetail.Authorship,3,0,0,0,1,0,1,0,1,0
GitHub API for Java,org.kohsuke.github,GHBranchProtectionBuilder.Restrictions,13,0,0,0,3,0,1,0,1,0
GitHub API for Java,org.kohsuke.github,MarkdownMode,0,29,0,0,0,4,0,2,0,2
GitHub API for Java,org.kohsuke.github,GHProject.ProjectState,0,24,0,0,0,2,0,1,0,1
GitHub API for Java,org.kohsuke.github,GHBranchProtection.Restrictions,20,0,0,0,6,0,6,0,6,0
GitHub API for Java,org.kohsuke.github,GHPullRequestReviewBuilder,17,67,0,0,4,14,2,4,2,4
GitHub API for Java,org.kohsuke.github,GHWorkflowJobQueryBuilder,0,55,0,0,0,9,0,4,0,4
GitHub API for Java,org.kohsuke.github,GHWorkflowRunQueryBuilder,25,49,0,0,6,10,3,5,3,5
GitHub API for Java,org.kohsuke.github,GHOrganization.Permission,0,54,0,0,0,2,0,1,0,1
GitHub API for Java,org.kohsuke.github,GHMarketplacePlan,9,43,0,0,3,12,3,12,3,12
GitHub API for Java,org.kohsuke.github,GHCompare.Commit,0,6,0,0,0,2,0,2,0,2
GitHub API for Java,org.kohsuke.github,GHEventPayload.CommitComment,0,24,1,1,0,8,1,4,0,4
GitHub API for Java,org.kohsuke.github,GHEventPayload.Delete,0,9,0,0,0,3,0,3,0,3
GitHub API for Java,org.kohsuke.github,GHRepositoryStatistics.Participation,5,11,0,0,1,3,1,3,1,3
GitHub API for Java,org.kohsuke.github,GHEventPayload.Fork,0,11,0,0,0,3,0,3,0,3
GitHub API for Java,org.kohsuke.github,HttpException,12,65,2,0,2,18,2,6,1,6
GitHub API for Java,org.kohsuke.github,GHCommitComment,54,127,3,3,8,26,6,13,3,13
GitHub API for Java,org.kohsuke.github,GHIssueRename,0,15,0,0,0,5,0,3,0,3
GitHub API for Java,org.kohsuke.github,GHCommit.GHAuthor,0,3,0,0,0,1,0,1,0,1
GitHub API for Java,org.kohsuke.github,GHCommit.Stats,0,3,0,0,0,1,0,1,0,1
GitHub API for Java,org.kohsuke.github,GHRateLimit.UnknownLimitRecord,0,52,0,2,0,14,0,5,0,4
GitHub API for Java,org.kohsuke.github,GHTag,6,19,1,1,2,6,3,3,2,3
GitHub API for Java,org.kohsuke.github,GHRef.GHObject,0,13,0,0,0,4,0,4,0,4
GitHub API for Java,org.kohsuke.github,GHEventPayload.Repository,0,3,0,0,0,1,0,1,0,1
GitHub API for Java,org.kohsuke.github,GHRepositorySearchBuilder.Sort,0,34,0,0,0,2,0,1,0,1
GitHub API for Java,org.kohsuke.github,GHGistBuilder,0,59,0,0,0,12,0,5,0,5
GitHub API for Java,org.kohsuke.github,GHCommitSearchBuilder,156,87,1,1,16,15,15,8,14,8
GitHub API for Java,org.kohsuke.github,GHCheckSuite.HeadCommit,0,22,0,0,0,7,0,7,0,7
GitHub API for Java,org.kohsuke.github,PagedIterator,15,119,3,17,3,27,3,14,0,7
GitHub API for Java,org.kohsuke.github,GHEventPayload.Public,0,3,0,0,0,1,0,1,0,1
GitHub API for Java,org.kohsuke.github,GHAppInstallationToken,8,41,0,0,2,10,2,10,2,10
GitHub API for Java,org.kohsuke.github,GHTeam,156,319,8,12,26,46,15,29,7,27
GitHub API for Java,org.kohsuke.github,GHArtifactsPage,3,27,0,2,1,4,1,3,1,2
GitHub API for Java,org.kohsuke.github,GHRepository.CollaboratorAffiliation,0,34,0,0,0,2,0,1,0,1
GitHub API for Java,org.kohsuke.github,PagedIterable,38,109,1,5,7,27,3,10,2,8
GitHub API for Java,org.kohsuke.github,GHWorkflowsIterable.new Iterator() {...},0,33,1,1,0,6,1,3,0,3
GitHub API for Java,org.kohsuke.github,GHMarketplacePurchase,0,27,0,0,0,8,0,8,0,8
GitHub API for Java,org.kohsuke.github,GHEventPayload.Deployment,5,19,1,1,1,7,2,3,1,3
GitHub API for Java,org.kohsuke.github,GHDeploymentStatusBuilder,15,96,0,0,4,23,2,7,2,7
GitHub API for Java,org.kohsuke.github,GHPullRequestReviewEvent,8,61,3,4,3,6,3,5,0,3
GitHub API for Java,org.kohsuke.github,GHWorkflowJobsPage,3,27,0,2,1,4,1,3,1,2
GitHub API for Java,org.kohsuke.github,GHContentSearchBuilder,66,72,0,2,6,14,6,9,6,8
GitHub API for Java,org.kohsuke.github,GHLicense,7,113,2,8,3,36,3,17,1,14
GitHub API for Java,org.kohsuke.github,GHOrgHook,0,29,0,0,0,5,0,4,0,4
GitHub API for Java,org.kohsuke.github,GHEventPayload.Push.Pusher,0,19,0,0,0,5,0,5,0,5
GitHub API for Java,org.kohsuke.github,GHVerifiedKey,22,0,2,0,4,0,3,0,2,0
GitHub API for Java,org.kohsuke.github,GHLabel.Creator,0,19,0,0,0,3,0,1,0,1
GitHub API for Java,org.kohsuke.github,GHEventPayload.PullRequest,5,31,1,3,1,11,1,7,0,6
GitHub API for Java,org.kohsuke.github,GHRepositoryStatistics.ContributorStats.Week,0,44,0,0,0,6,0,6,0,6
GitHub API for Java,org.kohsuke.github,RateLimitChecker,4,52,1,1,2,12,2,3,1,3
GitHub API for Java,org.kohsuke.github,GHEvent,0,634,0,2,0,66,0,3,0,2
GitHub API for Java,org.kohsuke.github,GHDiscussion.Setter,0,17,0,0,0,3,0,1,0,1
GitHub API for Java,org.kohsuke.github,GHEventInfo,17,136,3,1,1,29,3,11,1,11
GitHub API for Java,org.kohsuke.github,GHLabelChanges,0,9,0,0,0,3,0,3,0,3
GitHub API for Java,org.kohsuke.github,GHAppInstallation,21,163,0,0,3,33,2,26,2,26
GitHub API for Java,org.kohsuke.github,GHWorkflowRun.HeadCommit,0,22,0,0,0,7,0,7,0,7
GitHub API for Java,org.kohsuke.github,GHRepositoryCloneTraffic,0,20,0,0,0,7,0,4,0,4
GitHub API for Java,org.kohsuke.github,GHAppInstallationsPage,3,6,0,0,1,2,1,2,1,2
GitHub API for Java,org.kohsuke.github,SearchResult,0,3,0,0,0,1,0,1,0,1
GitHub API for Java,org.kohsuke.github,GHBranchProtectionBuilder.StatusChecks,0,8,0,0,0,2,0,1,0,1
GitHub API for Java,org.kohsuke.github,RateLimitChecker.LiteralValue,5,19,1,3,1,7,1,3,0,2
GitHub API for Java,org.kohsuke.github,GHCheckRun.Status,0,55,0,0,0,4,0,3,0,3
GitHub API for Java,org.kohsuke.github,GHObject.new ToStringStyle() {...},2,24,2,4,2,9,2,3,0,2
GitHub API for Java,org.kohsuke.github,GHMarketplaceListAccountBuilder.Sort,0,24,0,0,0,2,0,1,0,1
GitHub API for Java,org.kohsuke.github,HttpConnector,0,17,0,0,0,3,0,3,0,3
GitHub API for Java,org.kohsuke.github,GHEventPayload.Create,0,15,0,0,0,5,0,5,0,5
GitHub API for Java,org.kohsuke.github,AbstractBuilder,15,58,4,6,2,16,3,6,0,4
GitHub API for Java,org.kohsuke.github,GHEventInfo.GHEventRepository,0,3,0,0,0,1,0,1,0,1
GitHub API for Java,org.kohsuke.github,GHLabel.Updater,0,16,0,0,0,3,0,1,0,1
GitHub API for Java,org.kohsuke.github,GHEventPayload,0,34,0,0,0,11,0,10,0,10
GitHub API for Java,org.kohsuke.github,GHWorkflowRunsIterable,0,32,0,0,0,7,0,3,0,3
GitHub API for Java,org.kohsuke.github,GHRequestedAction,19,0,0,0,7,0,6,0,6,0
GitHub API for Java,org.kohsuke.github,GitHubClient,65,857,10,90,14,189,11,82,2,41
GitHub API for Java,org.kohsuke.github,GHKey,0,36,0,0,0,7,0,7,0,7
GitHub API for Java,org.kohsuke.github,GHCompare.Status,0,44,0,0,0,2,0,1,0,1
GitHub API for Java,org.kohsuke.github,GHHooks.OrgContext,2,28,0,0,1,6,1,4,1,4
GitHub API for Java,org.kohsuke.github,GitUser,0,16,0,0,0,5,0,5,0,5
GitHub API for Java,org.kohsuke.github,GHEventPayload.InstallationRepositories,15,48,4,6,4,14,4,6,0,5
GitHub API for Java,org.kohsuke.github,GHWorkflowJob.Step,0,25,0,0,0,7,0,7,0,7
GitHub API for Java,org.kohsuke.github,GHRelease,50,185,2,0,10,30,8,22,7,22
GitHub API for Java,org.kohsuke.github,GHIssueQueryBuilder.Sort,0,34,0,0,0,2,0,1,0,1
GitHub API for Java,org.kohsuke.github,GHCommit.Parent,0,3,0,0,0,1,0,1,0,1
GitHub API for Java,org.kohsuke.github,GHCommitBuilder,0,120,0,0,0,20,0,9,0,9
GitHub API for Java,org.kohsuke.github,GitHubResponse,4,150,1,7,1,39,2,13,1,10
GitHub API for Java,org.kohsuke.github,GHCheckRunBuilder.Image,0,14,0,0,0,6,0,2,0,2
GitHub API for Java,org.kohsuke.github,GHCommitQueryBuilder,0,96,0,0,0,19,0,11,0,11
GitHub API for Java,org.kohsuke.github,GHBlobBuilder,14,61,0,0,3,10,1,4,1,4
GitHub API for Java,org.kohsuke.github,GHMilestoneState,0,24,0,0,0,2,0,1,0,1
GitHub API for Java,org.kohsuke.github,GitHubBuilder,36,292,2,16,7,78,6,29,4,22
GitHub API for Java,org.kohsuke.github,GHUserSearchBuilder.UserSearchResult,0,3,0,0,0,1,0,1,0,1
GitHub API for Java,org.kohsuke.github,GHEventPayload.PullRequestReview,5,31,2,2,1,10,2,4,0,4
GitHub API for Java,org.kohsuke.github,GitHub.AuthorizationRefreshGitHubWrapper,11,24,1,1,3,6,1,2,0,2
GitHub API for Java,org.kohsuke.github,GHIssueSearchBuilder.IssueSearchResult,0,20,0,2,0,2,0,2,0,1
GitHub API for Java,org.kohsuke.github,GHFileNotFoundException,7,17,0,0,3,7,2,3,2,3
GitHub API for Java,org.kohsuke.github,GHWorkflowRun.Conclusion,5,100,0,0,1,3,1,2,1,2
GitHub API for Java,org.kohsuke.github,GHRepositoryViewTraffic.DailyInfo,0,11,0,0,0,4,0,2,0,2
GitHub API for Java,org.kohsuke.github,GHIssueQueryBuilder,0,79,0,4,0,18,0,10,0,8
GitHub API for Java,org.kohsuke.github,GHCheckRunBuilder.Annotation,15,34,0,0,6,11,3,3,3,3
GitHub API for Java,org.kohsuke.github,GHPullRequestChanges.GHFrom,0,6,0,0,0,2,0,2,0,2
GitHub API for Java,org.kohsuke.github,GHEventPayload.Issue,5,25,1,1,1,9,2,5,1,5
GitHub API for Java,org.kohsuke.github,GHPullRequestQueryBuilder,16,75,1,3,4,14,3,7,2,6
GitHub API for Java,org.kohsuke.github,GitHubRequest.Entry,0,9,0,0,0,4,0,1,0,1
GitHub API for Java,org.kohsuke.github,GHEventPayload.Label,0,9,0,0,0,3,0,3,0,3
GitHub API for Java,org.kohsuke.github,GHMeta,0,47,0,0,0,12,0,11,0,11
GitHub API for Java,org.kohsuke.github,GHOTPRequiredException,0,3,0,0,0,1,0,1,0,1
GitHub API for Java,org.kohsuke.github,GHPullRequestCommitDetail.CommitPointer,14,0,0,0,4,0,4,0,4,0
GitHub API for Java,org.kohsuke.github,GHRepository,876,2339,42,54,162,435,90,187,58,171
GitHub API for Java,org.kohsuke.github,GHIssueSearchBuilder.Sort,0,34,0,0,0,2,0,1,0,1
GitHub API for Java,org.kohsuke.github,GHCommitSearchBuilder.Sort,0,24,0,0,0,2,0,1,0,1
GitHub API for Java,org.kohsuke.github,GHAppInstallationsIterable.new Iterator() {...},0,30,0,2,0,6,0,4,0,3
GitHub API for Java,org.kohsuke.github,GHHooks.RepoContext,0,39,0,0,0,8,0,5,0,5
GitHub API for Java,org.kohsuke.github,GHRepository.Setter,0,26,0,0,0,4,0,1,0,1
GitHub API for Java,org.kohsuke.github,GHCommentAuthorAssociation,0,74,0,0,0,8,0,1,0,1
GitHub API for Java,org.kohsuke.github,GHWorkflowRun.Status,0,55,0,0,0,4,0,3,0,3
GitHub API for Java,org.kohsuke.github,GHCheckSuite,7,114,4,10,3,24,6,18,2,15
GitHub API for Java,org.kohsuke.github,GHStargazer,0,17,0,0,0,6,0,5,0,5
GitHub API for Java,org.kohsuke.github,GHApp,0,184,0,0,0,38,0,22,0,22
GitHub API for Java,org.kohsuke.github,GHPullRequest.AutoMerge,0,15,0,0,0,5,0,5,0,5
GitHub API for Java,org.kohsuke.github,GHTeam.Role,0,24,0,0,0,3,0,1,0,1
GitHub API for Java,org.kohsuke.github,AbuseLimitHandler.new AbuseLimitHandler() {...},10,22,1,1,3,7,1,3,0,3
GitHub API for Java,org.kohsuke.github,GHProject,147,119,8,0,29,23,16,12,12,12
GitHub API for Java,org.kohsuke.github,AbuseLimitHandler.new AbuseLimitHandler() {...},0,11,0,0,0,2,0,2,0,2
GitHub API for Java,org.kohsuke.github,GHMembership.State,0,24,0,0,0,2,0,1,0,1
GitHub API for Java,org.kohsuke.github,PagedSearchIterable,11,50,0,2,3,14,2,6,2,5
GitHub API for Java,org.kohsuke.github,GHArtifactsIterable.new Iterator() {...},0,33,1,1,0,6,1,3,0,3
GitHub API for Java,org.kohsuke.github,GHLabelBuilder,0,45,0,2,0,9,0,5,0,4
GitHub API for Java,org.kohsuke.github,RateLimitTarget,0,54,0,0,0,6,0,1,0,1
GitHub API for Java,org.kohsuke.github,GHCommitSearchBuilder.CommitSearchResult,1,33,0,2,1,6,0,2,0,1
GitHub API for Java,org.kohsuke.github,GHWorkflowRunsIterable.new Iterator() {...},0,33,0,2,0,6,0,4,0,3
GitHub API for Java,org.kohsuke.github,GHObject.new ReflectionToStringBuilder() {...},0,24,1,3,0,2,1,3,0,2
GitHub API for Java,org.kohsuke.github,GHContentSearchBuilder.Sort,0,24,0,0,0,2,0,1,0,1
GitHub API for Java,org.kohsuke.github,GHTargetType,6,24,0,0,1,2,1,1,1,1
GitHub API for Java,org.kohsuke.github,Requester,0,82,0,0,0,13,0,12,0,12
GitHub API for Java,org.kohsuke.github,GHTeamBuilder,0,84,0,0,0,16,0,7,0,7
GitHub API for Java,org.kohsuke.github,GHContentBuilder,0,94,0,0,0,21,0,8,0,8
GitHub API for Java,org.kohsuke.github,GHBranch.Commit,0,3,0,0,0,1,0,1,0,1
GitHub API for Java,org.kohsuke.github,GHEventPayload.Status,5,44,2,2,1,14,2,9,0,9
GitHub API for Java,org.kohsuke.github,GHIssueSearchBuilder,21,36,0,0,5,9,4,6,4,6
GitHub API for Java,org.kohsuke.github,GHBranchProtection.EnforceAdmins,3,6,0,0,1,2,1,2,1,2
GitHub API for Java,org.kohsuke.github,GHMarketplaceAccount,3,19,0,0,1,6,1,6,1,6
GitHub API for Java,org.kohsuke.github,GHMembership.Role,0,24,0,0,0,3,0,1,0,1
GitHub API for Java,org.kohsuke.github,GHMarketplaceUserPurchase,11,19,0,0,3,6,3,6,3,6
GitHub API for Java,org.kohsuke.github.example.dataobject,ReadOnlyObjects.GHMetaGettersFinal,0,63,0,0,0,16,0,8,0,8
GitHub API for Java,org.kohsuke.github.example.dataobject,ReadOnlyObjects.GHMetaGettersUnmodifiable,0,35,0,0,0,9,0,8,0,8
GitHub API for Java,org.kohsuke.github.example.dataobject,ReadOnlyObjects.GHMetaGettersFinalCreator,0,54,0,0,0,17,0,8,0,8
GitHub API for Java,org.kohsuke.github.example.dataobject,ReadOnlyObjects.GHMetaPublic,28,24,0,0,14,8,7,8,7,8
GitHub API for Java,org.kohsuke.github.example.dataobject,ReadOnlyObjects,3,0,0,0,1,0,1,0,1,0
GitHub API for Java,org.kohsuke.github.example.dataobject,ReadOnlyObjects.GHMetaPackage,8,44,0,0,4,18,2,13,2,13
GitHub API for Java,org.kohsuke.github.extras,OkHttp3Connector,11,0,0,0,4,0,2,0,2,0
GitHub API for Java,org.kohsuke.github.extras,OkHttpConnector,16,85,1,7,4,19,1,8,0,5
GitHub API for Java,org.kohsuke.github.extras,ImpatientHttpConnector,6,44,0,0,2,13,1,4,1,4
GitHub API for Java,org.kohsuke.github.authorization,AuthorizationProvider.AnonymousAuthorizationProvider,0,5,0,0,0,2,0,2,0,2
GitHub API for Java,org.kohsuke.github.authorization,AuthorizationProvider,0,5,0,0,0,1,0,1,0,1
GitHub API for Java,org.kohsuke.github.authorization,ImmutableAuthorizationProvider.UserProvider,0,15,0,0,0,6,0,3,0,3
GitHub API for Java,org.kohsuke.github.authorization,OrgAppInstallationAuthorizationProvider,5,59,3,1,0,15,2,3,0,3
GitHub API for Java,org.kohsuke.github.authorization,ImmutableAuthorizationProvider,7,87,0,0,2,13,0,7,0,7
GitHub API for Java,org.kohsuke.github.extras.authorization,JWTTokenProvider,20,127,1,3,3,32,1,9,0,8
